TN:
SF:/usr/include/c++/7/bits/basic_string.h
FN:6031,_ZSteqIcSt11char_traitsIcESaIcEEbRKNSt7__cxx1112basic_stringIT_T0_T1_EEPKS5_
FNDA:15066,_ZSteqIcSt11char_traitsIcESaIcEEbRKNSt7__cxx1112basic_stringIT_T0_T1_EEPKS5_
FNF:1
FNH:1
DA:6031,15066
DA:6033,15066
LF:2
LH:2
end_of_record
SF:/usr/include/c++/7/iostream
DA:74,1
LF:1
LH:1
end_of_record
SF:/home/kpit/Documents/eg_3files/rpy.cpp
FN:6,_ZN3rpyC2Eddd
FN:9,_ZN3rpy9get_valueENSt7__cxx1112basic_stringIcSt11char_traitsIcESaIcEEE
FN:18,_ZN3rpy7displayEv
FN:19,_ZN5lightC2Ed
FN:20,_ZN5light10get_value1Ev
FN:21,_ZN5soundC2Ed
FN:22,_GLOBAL__sub_I__ZN3rpyC2Eddd
FN:22,_ZN5sound10get_value2Ev
FN:22,_Z41__static_initialization_and_destruction_0ii
FNDA:2511,_ZN3rpyC2Eddd
FNDA:7533,_ZN3rpy9get_valueENSt7__cxx1112basic_stringIcSt11char_traitsIcESaIcEEE
FNDA:0,_ZN3rpy7displayEv
FNDA:837,_ZN5lightC2Ed
FNDA:837,_ZN5light10get_value1Ev
FNDA:837,_ZN5soundC2Ed
FNDA:1,_GLOBAL__sub_I__ZN3rpyC2Eddd
FNDA:1,_Z41__static_initialization_and_destruction_0ii
FNDA:842,_ZN5sound10get_value2Ev
FNF:9
FNH:8
DA:6,2511
DA:7,2511
DA:9,7533
DA:10,7533
DA:11,2511
DA:12,5022
DA:13,2511
DA:14,2511
DA:15,2511
DA:17,0
DA:18,0
DA:19,837
DA:20,837
DA:21,837
DA:22,845
LF:15
LH:13
end_of_record
SF:/home/kpit/Documents/eg_3files/rpy.h
FN:13,_ZN6sensorC2Ev
FN:19,_ZN6sensor9get_valueENSt7__cxx1112basic_stringIcSt11char_traitsIcESaIcEEE
FN:20,_ZN6sensor7displayEv
FN:21,_ZN6sensor10get_value1Ev
FN:22,_ZN6sensor10get_value2Ev
FNDA:4185,_ZN6sensorC2Ev
FNDA:0,_ZN6sensor9get_valueENSt7__cxx1112basic_stringIcSt11char_traitsIcESaIcEEE
FNDA:0,_ZN6sensor7displayEv
FNDA:0,_ZN6sensor10get_value1Ev
FNDA:0,_ZN6sensor10get_value2Ev
FNF:5
FNH:1
DA:13,4185
DA:19,0
DA:20,0
DA:21,0
DA:22,0
LF:5
LH:1
end_of_record
TN:
SF:/usr/include/c++/7/bits/alloc_traits.h
FN:435,_ZNSt16allocator_traitsISaImEE8allocateERS0_m
FN:435,_ZNSt16allocator_traitsISaIP6sensorEE8allocateERS2_m
FN:435,_ZNSt16allocator_traitsISaISt13_Rb_tree_nodeISt4pairIKNSt7__cxx1112basic_stringIcSt11char_traitsIcESaIcEEEN8nlohmann10basic_jsonISt3mapSt6vectorS7_blmdSaNS9_14adl_serializerEEEEEEE8allocateERSH_m
FN:435,_ZNSt16allocator_traitsISaISt6vectorIdSaIdEEEE8allocateERS3_m
FN:435,_ZNSt16allocator_traitsISaIcEE8allocateERS0_m
FN:435,_ZNSt16allocator_traitsISaIPN8nlohmann10basic_jsonISt3mapSt6vectorNSt7__cxx1112basic_stringIcSt11char_traitsIcESaIcEEEblmdSaNS0_14adl_serializerEEEEE8allocateERSD_m
FN:435,_ZNSt16allocator_traitsISaIdEE8allocateERS0_m
FN:435,_ZNSt16allocator_traitsISaISt23_Sp_counted_ptr_inplaceIN8nlohmann6detail20input_stream_adapterESaIS3_ELN9__gnu_cxx12_Lock_policyE2EEEE8allocateERS8_m
FN:435,_ZNSt16allocator_traitsISaINSt7__cxx1112basic_stringIcSt11char_traitsIcESaIcEEEEE8allocateERS6_m
FN:435,_ZNSt16allocator_traitsISaISt6vectorIN8nlohmann10basic_jsonISt3mapS0_NSt7__cxx1112basic_stringIcSt11char_traitsIcESaIcEEEblmdSaNS1_14adl_serializerEEESaISB_EEEE8allocateERSE_m
FN:435,_ZNSt16allocator_traitsISaISt3mapINSt7__cxx1112basic_stringIcSt11char_traitsIcESaIcEEEN8nlohmann10basic_jsonIS0_St6vectorS6_blmdSaNS7_14adl_serializerEEESt4lessIvESaISt4pairIKS6_SB_EEEEE8allocateERSJ_m
FN:435,_ZNSt16allocator_traitsISaIN8nlohmann10basic_jsonISt3mapSt6vectorNSt7__cxx1112basic_stringIcSt11char_traitsIcESaIcEEEblmdSaNS0_14adl_serializerEEEEE8allocateERSC_m
FN:461,_ZNSt16allocator_traitsISaIP6sensorEE10deallocateERS2_PS1_m
FN:461,_ZNSt16allocator_traitsISaIN8nlohmann10basic_jsonISt3mapSt6vectorNSt7__cxx1112basic_stringIcSt11char_traitsIcESaIcEEEblmdSaNS0_14adl_serializerEEEEE10deallocateERSC_PSB_m
FN:461,_ZNSt16allocator_traitsISaINSt7__cxx1112basic_stringIcSt11char_traitsIcESaIcEEEEE10deallocateERS6_PS5_m
FN:461,_ZNSt16allocator_traitsISaISt3mapINSt7__cxx1112basic_stringIcSt11char_traitsIcESaIcEEEN8nlohmann10basic_jsonIS0_St6vectorS6_blmdSaNS7_14adl_serializerEEESt4lessIvESaISt4pairIKS6_SB_EEEEE10deallocateERSJ_PSI_m
FN:461,_ZNSt16allocator_traitsISaIdEE10deallocateERS0_Pdm
FN:461,_ZNSt16allocator_traitsISaIPN8nlohmann10basic_jsonISt3mapSt6vectorNSt7__cxx1112basic_stringIcSt11char_traitsIcESaIcEEEblmdSaNS0_14adl_serializerEEEEE10deallocateERSD_PSC_m
FN:461,_ZNSt16allocator_traitsISaISt6vectorIdSaIdEEEE10deallocateERS3_PS2_m
FN:461,_ZNSt16allocator_traitsISaISt13_Rb_tree_nodeISt4pairIKNSt7__cxx1112basic_stringIcSt11char_traitsIcESaIcEEEN8nlohmann10basic_jsonISt3mapSt6vectorS7_blmdSaNS9_14adl_serializerEEEEEEE10deallocateERSH_PSG_m
FN:461,_ZNSt16allocator_traitsISaIcEE10deallocateERS0_Pcm
FN:461,_ZNSt16allocator_traitsISaISt6vectorIN8nlohmann10basic_jsonISt3mapS0_NSt7__cxx1112basic_stringIcSt11char_traitsIcESaIcEEEblmdSaNS1_14adl_serializerEEESaISB_EEEE10deallocateERSE_PSD_m
FN:461,_ZNSt16allocator_traitsISaISt23_Sp_counted_ptr_inplaceIN8nlohmann6detail20input_stream_adapterESaIS3_ELN9__gnu_cxx12_Lock_policyE2EEEE10deallocateERS8_PS7_m
FN:461,_ZNSt16allocator_traitsISaImEE10deallocateERS0_Pmm
FN:474,_ZNSt16allocator_traitsISaIPN8nlohmann10basic_jsonISt3mapSt6vectorNSt7__cxx1112basic_stringIcSt11char_traitsIcESaIcEEEblmdSaNS0_14adl_serializerEEEEE9constructISC_JRKSC_EEEvRSD_PT_DpOT0_
FN:474,_ZNSt16allocator_traitsISaISt6vectorIN8nlohmann10basic_jsonISt3mapS0_NSt7__cxx1112basic_stringIcSt11char_traitsIcESaIcEEEblmdSaNS1_14adl_serializerEEESaISB_EEEE9constructISD_JRKSD_EEEvRSE_PT_DpOT0_
FN:474,_ZNSt16allocator_traitsISaISt13_Rb_tree_nodeISt4pairIKNSt7__cxx1112basic_stringIcSt11char_traitsIcESaIcEEEN8nlohmann10basic_jsonISt3mapSt6vectorS7_blmdSaNS9_14adl_serializerEEEEEEE9constructISF_JRKSF_EEEvRSH_PT_DpOT0_
FN:474,_ZNSt16allocator_traitsISaINSt7__cxx1112basic_stringIcSt11char_traitsIcESaIcEEEEE9constructIS5_JRKS5_EEEvRS6_PT_DpOT0_
FN:474,_ZNSt16allocator_traitsISaIcEE9constructIcJcEEEvRS0_PT_DpOT0_
FN:474,_ZNSt16allocator_traitsISaINSt7__cxx1112basic_stringIcSt11char_traitsIcESaIcEEEEE9constructIS5_JRA1_KcEEEvRS6_PT_DpOT0_
FN:474,_ZNSt16allocator_traitsISaISt13_Rb_tree_nodeISt4pairIKNSt7__cxx1112basic_stringIcSt11char_traitsIcESaIcEEEN8nlohmann10basic_jsonISt3mapSt6vectorS7_blmdSaNS9_14adl_serializerEEEEEEE9constructISF_JRKSt21piecewise_construct_tSt5tupleIJRS8_EESN_IJEEEEEvRSH_PT_DpOT0_
FN:474,_ZNSt16allocator_traitsISaIN8nlohmann10basic_jsonISt3mapSt6vectorNSt7__cxx1112basic_stringIcSt11char_traitsIcESaIcEEEblmdSaNS0_14adl_serializerEEEEE9constructISB_JRmEEEvRSC_PT_DpOT0_
FN:474,_ZNSt16allocator_traitsISaIN8nlohmann10basic_jsonISt3mapSt6vectorNSt7__cxx1112basic_stringIcSt11char_traitsIcESaIcEEEblmdSaNS0_14adl_serializerEEEEE9constructISB_JRdEEEvRSC_PT_DpOT0_
FN:474,_ZNSt16allocator_traitsISaISt3mapINSt7__cxx1112basic_stringIcSt11char_traitsIcESaIcEEEN8nlohmann10basic_jsonIS0_St6vectorS6_blmdSaNS7_14adl_serializerEEESt4lessIvESaISt4pairIKS6_SB_EEEEE9constructISI_JEEEvRSJ_PT_DpOT0_
FN:474,_ZNSt16allocator_traitsISaIN8nlohmann10basic_jsonISt3mapSt6vectorNSt7__cxx1112basic_stringIcSt11char_traitsIcESaIcEEEblmdSaNS0_14adl_serializerEEEEE9constructISB_JRlEEEvRSC_PT_DpOT0_
FN:474,_ZNSt16allocator_traitsISaISt6vectorIdSaIdEEEE9constructIS2_JS2_EEEvRS3_PT_DpOT0_
FN:474,_ZNSt16allocator_traitsISaIN8nlohmann10basic_jsonISt3mapSt6vectorNSt7__cxx1112basic_stringIcSt11char_traitsIcESaIcEEEblmdSaNS0_14adl_serializerEEEEE9constructISB_JNS0_6detail7value_tEEEEvRSC_PT_DpOT0_
FN:474,_ZNSt16allocator_traitsISaISt6vectorIN8nlohmann10basic_jsonISt3mapS0_NSt7__cxx1112basic_stringIcSt11char_traitsIcESaIcEEEblmdSaNS1_14adl_serializerEEESaISB_EEEE9constructISD_JEEEvRSE_PT_DpOT0_
FN:474,_ZNSt16allocator_traitsISaIN8nlohmann10basic_jsonISt3mapSt6vectorNSt7__cxx1112basic_stringIcSt11char_traitsIcESaIcEEEblmdSaNS0_14adl_serializerEEEEE9constructISB_JRS9_EEEvRSC_PT_DpOT0_
FN:474,_ZNSt16allocator_traitsISaISt3mapINSt7__cxx1112basic_stringIcSt11char_traitsIcESaIcEEEN8nlohmann10basic_jsonIS0_St6vectorS6_blmdSaNS7_14adl_serializerEEESt4lessIvESaISt4pairIKS6_SB_EEEEE9constructISI_JRKSI_EEEvRSJ_PT_DpOT0_
FN:474,_ZNSt16allocator_traitsISaIN8nlohmann10basic_jsonISt3mapSt6vectorNSt7__cxx1112basic_stringIcSt11char_traitsIcESaIcEEEblmdSaNS0_14adl_serializerEEEEE9constructISB_JSB_EEEvRSC_PT_DpOT0_
FN:474,_ZNSt16allocator_traitsISaIPN8nlohmann10basic_jsonISt3mapSt6vectorNSt7__cxx1112basic_stringIcSt11char_traitsIcESaIcEEEblmdSaNS0_14adl_serializerEEEEE9constructISC_JSC_EEEvRSD_PT_DpOT0_
FN:474,_ZNSt16allocator_traitsISaIN8nlohmann10basic_jsonISt3mapSt6vectorNSt7__cxx1112basic_stringIcSt11char_traitsIcESaIcEEEblmdSaNS0_14adl_serializerEEEEE9constructISB_JDnEEEvRSC_PT_DpOT0_
FN:474,_ZNSt16allocator_traitsISaIN8nlohmann6detail20input_stream_adapterEEE9constructIS2_JRSiEEEvRS3_PT_DpOT0_
FN:474,_ZNSt16allocator_traitsISaIN8nlohmann10basic_jsonISt3mapSt6vectorNSt7__cxx1112basic_stringIcSt11char_traitsIcESaIcEEEblmdSaNS0_14adl_serializerEEEEE9constructISB_JRbEEEvRSC_PT_DpOT0_
FN:486,_ZNSt16allocator_traitsISaIN8nlohmann6detail20input_stream_adapterEEE7destroyIS2_EEvRS3_PT_
FN:486,_ZNSt16allocator_traitsISaISt6vectorIdSaIdEEEE7destroyIS2_EEvRS3_PT_
FN:486,_ZNSt16allocator_traitsISaINSt7__cxx1112basic_stringIcSt11char_traitsIcESaIcEEEEE7destroyIS5_EEvRS6_PT_
FN:486,_ZNSt16allocator_traitsISaIcEE7destroyIcEEvRS0_PT_
FN:486,_ZNSt16allocator_traitsISaIPN8nlohmann10basic_jsonISt3mapSt6vectorNSt7__cxx1112basic_stringIcSt11char_traitsIcESaIcEEEblmdSaNS0_14adl_serializerEEEEE7destroyISC_EEvRSD_PT_
FN:486,_ZNSt16allocator_traitsISaISt3mapINSt7__cxx1112basic_stringIcSt11char_traitsIcESaIcEEEN8nlohmann10basic_jsonIS0_St6vectorS6_blmdSaNS7_14adl_serializerEEESt4lessIvESaISt4pairIKS6_SB_EEEEE7destroyISI_EEvRSJ_PT_
FN:486,_ZNSt16allocator_traitsISaISt6vectorIN8nlohmann10basic_jsonISt3mapS0_NSt7__cxx1112basic_stringIcSt11char_traitsIcESaIcEEEblmdSaNS1_14adl_serializerEEESaISB_EEEE7destroyISD_EEvRSE_PT_
FN:486,_ZNSt16allocator_traitsISaISt13_Rb_tree_nodeISt4pairIKNSt7__cxx1112basic_stringIcSt11char_traitsIcESaIcEEEN8nlohmann10basic_jsonISt3mapSt6vectorS7_blmdSaNS9_14adl_serializerEEEEEEE7destroyISF_EEvRSH_PT_
FN:486,_ZNSt16allocator_traitsISaIN8nlohmann10basic_jsonISt3mapSt6vectorNSt7__cxx1112basic_stringIcSt11char_traitsIcESaIcEEEblmdSaNS0_14adl_serializerEEEEE7destroyISB_EEvRSC_PT_
FN:495,_ZNSt16allocator_traitsISaImEE8max_sizeERKS0_
FN:495,_ZNSt16allocator_traitsISaISt6vectorIdSaIdEEEE8max_sizeERKS3_
FN:495,_ZNSt16allocator_traitsISaIcEE8max_sizeERKS0_
FN:495,_ZNSt16allocator_traitsISaISt13_Rb_tree_nodeISt4pairIKNSt7__cxx1112basic_stringIcSt11char_traitsIcESaIcEEEN8nlohmann10basic_jsonISt3mapSt6vectorS7_blmdSaNS9_14adl_serializerEEEEEEE8max_sizeERKSH_
FN:495,_ZNSt16allocator_traitsISaIPN8nlohmann10basic_jsonISt3mapSt6vectorNSt7__cxx1112basic_stringIcSt11char_traitsIcESaIcEEEblmdSaNS0_14adl_serializerEEEEE8max_sizeERKSD_
FN:495,_ZNSt16allocator_traitsISaIN8nlohmann10basic_jsonISt3mapSt6vectorNSt7__cxx1112basic_stringIcSt11char_traitsIcESaIcEEEblmdSaNS0_14adl_serializerEEEEE8max_sizeERKSC_
FN:504,_ZNSt16allocator_traitsISaIP6sensorEE37select_on_container_copy_constructionERKS2_
FN:504,_ZNSt16allocator_traitsISaIdEE37select_on_container_copy_constructionERKS0_
FN:504,_ZNSt16allocator_traitsISaISt13_Rb_tree_nodeISt4pairIKNSt7__cxx1112basic_stringIcSt11char_traitsIcESaIcEEEN8nlohmann10basic_jsonISt3mapSt6vectorS7_blmdSaNS9_14adl_serializerEEEEEEE37select_on_container_copy_constructionERKSH_
FN:504,_ZNSt16allocator_traitsISaIN8nlohmann10basic_jsonISt3mapSt6vectorNSt7__cxx1112basic_stringIcSt11char_traitsIcESaIcEEEblmdSaNS0_14adl_serializerEEEEE37select_on_container_copy_constructionERKSC_
FN:504,_ZNSt16allocator_traitsISaISt6vectorIdSaIdEEEE37select_on_container_copy_constructionERKS3_
FNDA:2,_ZNSt16allocator_traitsISaIPN8nlohmann10basic_jsonISt3mapSt6vectorNSt7__cxx1112basic_stringIcSt11char_traitsIcESaIcEEEblmdSaNS0_14adl_serializerEEEEE8allocateERSD_m
FNDA:0,_ZNSt16allocator_traitsISaISt13_Rb_tree_nodeISt4pairIKNSt7__cxx1112basic_stringIcSt11char_traitsIcESaIcEEEN8nlohmann10basic_jsonISt3mapSt6vectorS7_blmdSaNS9_14adl_serializerEEEEEEE8allocateERSH_m
FNDA:0,_ZNSt16allocator_traitsISaIdEE8allocateERS0_m
FNDA:0,_ZNSt16allocator_traitsISaIN8nlohmann10basic_jsonISt3mapSt6vectorNSt7__cxx1112basic_stringIcSt11char_traitsIcESaIcEEEblmdSaNS0_14adl_serializerEEEEE8allocateERSC_m
FNDA:7,_ZNSt16allocator_traitsISaIcEE8allocateERS0_m
FNDA:1,_ZNSt16allocator_traitsISaImEE8allocateERS0_m
FNDA:1,_ZNSt16allocator_traitsISaISt23_Sp_counted_ptr_inplaceIN8nlohmann6detail20input_stream_adapterESaIS3_ELN9__gnu_cxx12_Lock_policyE2EEEE8allocateERS8_m
FNDA:5,_ZNSt16allocator_traitsISaISt6vectorIdSaIdEEEE8allocateERS3_m
FNDA:0,_ZNSt16allocator_traitsISaIP6sensorEE8allocateERS2_m
FNDA:0,_ZNSt16allocator_traitsISaINSt7__cxx1112basic_stringIcSt11char_traitsIcESaIcEEEEE8allocateERS6_m
FNDA:0,_ZNSt16allocator_traitsISaISt6vectorIN8nlohmann10basic_jsonISt3mapS0_NSt7__cxx1112basic_stringIcSt11char_traitsIcESaIcEEEblmdSaNS1_14adl_serializerEEESaISB_EEEE8allocateERSE_m
FNDA:0,_ZNSt16allocator_traitsISaISt3mapINSt7__cxx1112basic_stringIcSt11char_traitsIcESaIcEEEN8nlohmann10basic_jsonIS0_St6vectorS6_blmdSaNS7_14adl_serializerEEESt4lessIvESaISt4pairIKS6_SB_EEEEE8allocateERSJ_m
FNDA:0,_ZNSt16allocator_traitsISaISt13_Rb_tree_nodeISt4pairIKNSt7__cxx1112basic_stringIcSt11char_traitsIcESaIcEEEN8nlohmann10basic_jsonISt3mapSt6vectorS7_blmdSaNS9_14adl_serializerEEEEEEE10deallocateERSH_PSG_m
FNDA:0,_ZNSt16allocator_traitsISaIN8nlohmann10basic_jsonISt3mapSt6vectorNSt7__cxx1112basic_stringIcSt11char_traitsIcESaIcEEEblmdSaNS0_14adl_serializerEEEEE10deallocateERSC_PSB_m
FNDA:1,_ZNSt16allocator_traitsISaISt23_Sp_counted_ptr_inplaceIN8nlohmann6detail20input_stream_adapterESaIS3_ELN9__gnu_cxx12_Lock_policyE2EEEE10deallocateERS8_PS7_m
FNDA:1,_ZNSt16allocator_traitsISaImEE10deallocateERS0_Pmm
FNDA:2,_ZNSt16allocator_traitsISaIPN8nlohmann10basic_jsonISt3mapSt6vectorNSt7__cxx1112basic_stringIcSt11char_traitsIcESaIcEEEblmdSaNS0_14adl_serializerEEEEE10deallocateERSD_PSC_m
FNDA:0,_ZNSt16allocator_traitsISaIdEE10deallocateERS0_Pdm
FNDA:5,_ZNSt16allocator_traitsISaISt6vectorIdSaIdEEEE10deallocateERS3_PS2_m
FNDA:0,_ZNSt16allocator_traitsISaIP6sensorEE10deallocateERS2_PS1_m
FNDA:7,_ZNSt16allocator_traitsISaIcEE10deallocateERS0_Pcm
FNDA:0,_ZNSt16allocator_traitsISaINSt7__cxx1112basic_stringIcSt11char_traitsIcESaIcEEEEE10deallocateERS6_PS5_m
FNDA:0,_ZNSt16allocator_traitsISaISt6vectorIN8nlohmann10basic_jsonISt3mapS0_NSt7__cxx1112basic_stringIcSt11char_traitsIcESaIcEEEblmdSaNS1_14adl_serializerEEESaISB_EEEE10deallocateERSE_PSD_m
FNDA:0,_ZNSt16allocator_traitsISaISt3mapINSt7__cxx1112basic_stringIcSt11char_traitsIcESaIcEEEN8nlohmann10basic_jsonIS0_St6vectorS6_blmdSaNS7_14adl_serializerEEESt4lessIvESaISt4pairIKS6_SB_EEEEE10deallocateERSJ_PSI_m
FNDA:25947,_ZNSt16allocator_traitsISaISt13_Rb_tree_nodeISt4pairIKNSt7__cxx1112basic_stringIcSt11char_traitsIcESaIcEEEN8nlohmann10basic_jsonISt3mapSt6vectorS7_blmdSaNS9_14adl_serializerEEEEEEE9constructISF_JRKSt21piecewise_construct_tSt5tupleIJRS8_EESN_IJEEEEEvRSH_PT_DpOT0_
FNDA:0,_ZNSt16allocator_traitsISaIN8nlohmann10basic_jsonISt3mapSt6vectorNSt7__cxx1112basic_stringIcSt11char_traitsIcESaIcEEEblmdSaNS0_14adl_serializerEEEEE9constructISB_JSB_EEEvRSC_PT_DpOT0_
FNDA:838,_ZNSt16allocator_traitsISaIPN8nlohmann10basic_jsonISt3mapSt6vectorNSt7__cxx1112basic_stringIcSt11char_traitsIcESaIcEEEblmdSaNS0_14adl_serializerEEEEE9constructISC_JSC_EEEvRSD_PT_DpOT0_
FNDA:837,_ZNSt16allocator_traitsISaIN8nlohmann10basic_jsonISt3mapSt6vectorNSt7__cxx1112basic_stringIcSt11char_traitsIcESaIcEEEblmdSaNS0_14adl_serializerEEEEE9constructISB_JNS0_6detail7value_tEEEEvRSC_PT_DpOT0_
FNDA:0,_ZNSt16allocator_traitsISaIN8nlohmann10basic_jsonISt3mapSt6vectorNSt7__cxx1112basic_stringIcSt11char_traitsIcESaIcEEEblmdSaNS0_14adl_serializerEEEEE9constructISB_JRS9_EEEvRSC_PT_DpOT0_
FNDA:0,_ZNSt16allocator_traitsISaIN8nlohmann10basic_jsonISt3mapSt6vectorNSt7__cxx1112basic_stringIcSt11char_traitsIcESaIcEEEblmdSaNS0_14adl_serializerEEEEE9constructISB_JRdEEEvRSC_PT_DpOT0_
FNDA:0,_ZNSt16allocator_traitsISaIN8nlohmann10basic_jsonISt3mapSt6vectorNSt7__cxx1112basic_stringIcSt11char_traitsIcESaIcEEEblmdSaNS0_14adl_serializerEEEEE9constructISB_JRmEEEvRSC_PT_DpOT0_
FNDA:0,_ZNSt16allocator_traitsISaIN8nlohmann10basic_jsonISt3mapSt6vectorNSt7__cxx1112basic_stringIcSt11char_traitsIcESaIcEEEblmdSaNS0_14adl_serializerEEEEE9constructISB_JRlEEEvRSC_PT_DpOT0_
FNDA:0,_ZNSt16allocator_traitsISaIN8nlohmann10basic_jsonISt3mapSt6vectorNSt7__cxx1112basic_stringIcSt11char_traitsIcESaIcEEEblmdSaNS0_14adl_serializerEEEEE9constructISB_JRbEEEvRSC_PT_DpOT0_
FNDA:0,_ZNSt16allocator_traitsISaIN8nlohmann10basic_jsonISt3mapSt6vectorNSt7__cxx1112basic_stringIcSt11char_traitsIcESaIcEEEblmdSaNS0_14adl_serializerEEEEE9constructISB_JDnEEEvRSC_PT_DpOT0_
FNDA:0,_ZNSt16allocator_traitsISaIPN8nlohmann10basic_jsonISt3mapSt6vectorNSt7__cxx1112basic_stringIcSt11char_traitsIcESaIcEEEblmdSaNS0_14adl_serializerEEEEE9constructISC_JRKSC_EEEvRSD_PT_DpOT0_
FNDA:0,_ZNSt16allocator_traitsISaISt13_Rb_tree_nodeISt4pairIKNSt7__cxx1112basic_stringIcSt11char_traitsIcESaIcEEEN8nlohmann10basic_jsonISt3mapSt6vectorS7_blmdSaNS9_14adl_serializerEEEEEEE9constructISF_JRKSF_EEEvRSH_PT_DpOT0_
FNDA:1062949,_ZNSt16allocator_traitsISaIcEE9constructIcJcEEEvRS0_PT_DpOT0_
FNDA:1,_ZNSt16allocator_traitsISaIN8nlohmann6detail20input_stream_adapterEEE9constructIS2_JRSiEEEvRS3_PT_DpOT0_
FNDA:0,_ZNSt16allocator_traitsISaINSt7__cxx1112basic_stringIcSt11char_traitsIcESaIcEEEEE9constructIS5_JRA1_KcEEEvRS6_PT_DpOT0_
FNDA:1,_ZNSt16allocator_traitsISaISt6vectorIN8nlohmann10basic_jsonISt3mapS0_NSt7__cxx1112basic_stringIcSt11char_traitsIcESaIcEEEblmdSaNS1_14adl_serializerEEESaISB_EEEE9constructISD_JEEEvRSE_PT_DpOT0_
FNDA:837,_ZNSt16allocator_traitsISaISt3mapINSt7__cxx1112basic_stringIcSt11char_traitsIcESaIcEEEN8nlohmann10basic_jsonIS0_St6vectorS6_blmdSaNS7_14adl_serializerEEESt4lessIvESaISt4pairIKS6_SB_EEEEE9constructISI_JEEEvRSJ_PT_DpOT0_
FNDA:0,_ZNSt16allocator_traitsISaISt6vectorIN8nlohmann10basic_jsonISt3mapS0_NSt7__cxx1112basic_stringIcSt11char_traitsIcESaIcEEEblmdSaNS1_14adl_serializerEEESaISB_EEEE9constructISD_JRKSD_EEEvRSE_PT_DpOT0_
FNDA:0,_ZNSt16allocator_traitsISaISt3mapINSt7__cxx1112basic_stringIcSt11char_traitsIcESaIcEEEN8nlohmann10basic_jsonIS0_St6vectorS6_blmdSaNS7_14adl_serializerEEESt4lessIvESaISt4pairIKS6_SB_EEEEE9constructISI_JRKSI_EEEvRSJ_PT_DpOT0_
FNDA:0,_ZNSt16allocator_traitsISaINSt7__cxx1112basic_stringIcSt11char_traitsIcESaIcEEEEE9constructIS5_JRKS5_EEEvRS6_PT_DpOT0_
FNDA:6,_ZNSt16allocator_traitsISaISt6vectorIdSaIdEEEE9constructIS2_JS2_EEEvRS3_PT_DpOT0_
FNDA:0,_ZNSt16allocator_traitsISaIN8nlohmann10basic_jsonISt3mapSt6vectorNSt7__cxx1112basic_stringIcSt11char_traitsIcESaIcEEEblmdSaNS0_14adl_serializerEEEEE7destroyISB_EEvRSC_PT_
FNDA:838,_ZNSt16allocator_traitsISaIPN8nlohmann10basic_jsonISt3mapSt6vectorNSt7__cxx1112basic_stringIcSt11char_traitsIcESaIcEEEblmdSaNS0_14adl_serializerEEEEE7destroyISC_EEvRSD_PT_
FNDA:1,_ZNSt16allocator_traitsISaIN8nlohmann6detail20input_stream_adapterEEE7destroyIS2_EEvRS3_PT_
FNDA:0,_ZNSt16allocator_traitsISaISt13_Rb_tree_nodeISt4pairIKNSt7__cxx1112basic_stringIcSt11char_traitsIcESaIcEEEN8nlohmann10basic_jsonISt3mapSt6vectorS7_blmdSaNS9_14adl_serializerEEEEEEE7destroyISF_EEvRSH_PT_
FNDA:24274,_ZNSt16allocator_traitsISaIcEE7destroyIcEEvRS0_PT_
FNDA:0,_ZNSt16allocator_traitsISaISt6vectorIdSaIdEEEE7destroyIS2_EEvRS3_PT_
FNDA:0,_ZNSt16allocator_traitsISaINSt7__cxx1112basic_stringIcSt11char_traitsIcESaIcEEEEE7destroyIS5_EEvRS6_PT_
FNDA:0,_ZNSt16allocator_traitsISaISt6vectorIN8nlohmann10basic_jsonISt3mapS0_NSt7__cxx1112basic_stringIcSt11char_traitsIcESaIcEEEblmdSaNS1_14adl_serializerEEESaISB_EEEE7destroyISD_EEvRSE_PT_
FNDA:0,_ZNSt16allocator_traitsISaISt3mapINSt7__cxx1112basic_stringIcSt11char_traitsIcESaIcEEEN8nlohmann10basic_jsonIS0_St6vectorS6_blmdSaNS7_14adl_serializerEEESt4lessIvESaISt4pairIKS6_SB_EEEEE7destroyISI_EEvRSJ_PT_
FNDA:4,_ZNSt16allocator_traitsISaIPN8nlohmann10basic_jsonISt3mapSt6vectorNSt7__cxx1112basic_stringIcSt11char_traitsIcESaIcEEEblmdSaNS0_14adl_serializerEEEEE8max_sizeERKSD_
FNDA:0,_ZNSt16allocator_traitsISaISt13_Rb_tree_nodeISt4pairIKNSt7__cxx1112basic_stringIcSt11char_traitsIcESaIcEEEN8nlohmann10basic_jsonISt3mapSt6vectorS7_blmdSaNS9_14adl_serializerEEEEEEE8max_sizeERKSH_
FNDA:22,_ZNSt16allocator_traitsISaIN8nlohmann10basic_jsonISt3mapSt6vectorNSt7__cxx1112basic_stringIcSt11char_traitsIcESaIcEEEblmdSaNS0_14adl_serializerEEEEE8max_sizeERKSC_
FNDA:2,_ZNSt16allocator_traitsISaImEE8max_sizeERKS0_
FNDA:8,_ZNSt16allocator_traitsISaISt6vectorIdSaIdEEEE8max_sizeERKS3_
FNDA:14,_ZNSt16allocator_traitsISaIcEE8max_sizeERKS0_
FNDA:0,_ZNSt16allocator_traitsISaISt13_Rb_tree_nodeISt4pairIKNSt7__cxx1112basic_stringIcSt11char_traitsIcESaIcEEEN8nlohmann10basic_jsonISt3mapSt6vectorS7_blmdSaNS9_14adl_serializerEEEEEEE37select_on_container_copy_constructionERKSH_
FNDA:5,_ZNSt16allocator_traitsISaIdEE37select_on_container_copy_constructionERKS0_
FNDA:0,_ZNSt16allocator_traitsISaIN8nlohmann10basic_jsonISt3mapSt6vectorNSt7__cxx1112basic_stringIcSt11char_traitsIcESaIcEEEblmdSaNS0_14adl_serializerEEEEE37select_on_container_copy_constructionERKSC_
FNDA:1,_ZNSt16allocator_traitsISaISt6vectorIdSaIdEEEE37select_on_container_copy_constructionERKS3_
FNDA:7,_ZNSt16allocator_traitsISaIP6sensorEE37select_on_container_copy_constructionERKS2_
FNF:65
FNH:29
DA:435,16
DA:436,16
DA:461,16
DA:462,16
DA:474,1091416
DA:475,1091416
DA:486,25113
DA:487,25113
DA:495,50
DA:496,50
DA:504,13
DA:505,13
LF:12
LH:12
end_of_record
SF:/usr/include/c++/7/bits/allocated_ptr.h
FN:52,_ZNSt15__allocated_ptrISaISt23_Sp_counted_ptr_inplaceIN8nlohmann6detail20input_stream_adapterESaIS3_ELN9__gnu_cxx12_Lock_policyE2EEEEC2ERS8_PS7_
FN:70,_ZNSt15__allocated_ptrISaISt23_Sp_counted_ptr_inplaceIN8nlohmann6detail20input_stream_adapterESaIS3_ELN9__gnu_cxx12_Lock_policyE2EEEED2Ev
FN:78,_ZNSt15__allocated_ptrISaISt23_Sp_counted_ptr_inplaceIN8nlohmann6detail20input_stream_adapterESaIS3_ELN9__gnu_cxx12_Lock_policyE2EEEEaSEDn
FN:85,_ZNSt15__allocated_ptrISaISt23_Sp_counted_ptr_inplaceIN8nlohmann6detail20input_stream_adapterESaIS3_ELN9__gnu_cxx12_Lock_policyE2EEEE3getEv
FN:88,_ZNSt15__allocated_ptrISaISt23_Sp_counted_ptr_inplaceIN8nlohmann6detail20input_stream_adapterESaIS3_ELN9__gnu_cxx12_Lock_policyE2EEEE10_S_raw_ptrEPS7_
FN:102,_ZSt18__allocate_guardedISaISt23_Sp_counted_ptr_inplaceIN8nlohmann6detail20input_stream_adapterESaIS3_ELN9__gnu_cxx12_Lock_policyE2EEEESt15__allocated_ptrIT_ERSA_
FNDA:2,_ZNSt15__allocated_ptrISaISt23_Sp_counted_ptr_inplaceIN8nlohmann6detail20input_stream_adapterESaIS3_ELN9__gnu_cxx12_Lock_policyE2EEEEC2ERS8_PS7_
FNDA:2,_ZNSt15__allocated_ptrISaISt23_Sp_counted_ptr_inplaceIN8nlohmann6detail20input_stream_adapterESaIS3_ELN9__gnu_cxx12_Lock_policyE2EEEED2Ev
FNDA:1,_ZNSt15__allocated_ptrISaISt23_Sp_counted_ptr_inplaceIN8nlohmann6detail20input_stream_adapterESaIS3_ELN9__gnu_cxx12_Lock_policyE2EEEEaSEDn
FNDA:1,_ZNSt15__allocated_ptrISaISt23_Sp_counted_ptr_inplaceIN8nlohmann6detail20input_stream_adapterESaIS3_ELN9__gnu_cxx12_Lock_policyE2EEEE3getEv
FNDA:1,_ZNSt15__allocated_ptrISaISt23_Sp_counted_ptr_inplaceIN8nlohmann6detail20input_stream_adapterESaIS3_ELN9__gnu_cxx12_Lock_policyE2EEEE10_S_raw_ptrEPS7_
FNDA:1,_ZSt18__allocate_guardedISaISt23_Sp_counted_ptr_inplaceIN8nlohmann6detail20input_stream_adapterESaIS3_ELN9__gnu_cxx12_Lock_policyE2EEEESt15__allocated_ptrIT_ERSA_
FNF:6
FNH:6
DA:52,2
DA:53,2
DA:54,2
DA:70,2
DA:72,2
DA:73,1
DA:74,2
DA:78,1
DA:80,1
DA:81,1
DA:85,1
DA:88,1
DA:102,1
DA:104,1
LF:14
LH:14
end_of_record
SF:/usr/include/c++/7/bits/allocator.h
FN:131,_ZNSaISt3mapINSt7__cxx1112basic_stringIcSt11char_traitsIcESaIcEEEN8nlohmann10basic_jsonIS_St6vectorS5_blmdSaNS6_14adl_serializerEEESt4lessIvESaISt4pairIKS5_SA_EEEEC2Ev
FN:131,_ZNSaIN8nlohmann6detail20input_stream_adapterEEC2Ev
FN:131,_ZNSaImEC2Ev
FN:131,_ZNSaIN8nlohmann10basic_jsonISt3mapSt6vectorNSt7__cxx1112basic_stringIcSt11char_traitsIcESaIcEEEblmdSaNS_14adl_serializerEEEEC2Ev
FN:131,_ZNSaISt13_Rb_tree_nodeISt4pairIKNSt7__cxx1112basic_stringIcSt11char_traitsIcESaIcEEEN8nlohmann10basic_jsonISt3mapSt6vectorS6_blmdSaNS8_14adl_serializerEEEEEEC2Ev
FN:131,_ZNSaISt6vectorIN8nlohmann10basic_jsonISt3mapS_NSt7__cxx1112basic_stringIcSt11char_traitsIcESaIcEEEblmdSaNS0_14adl_serializerEEESaISA_EEEC2Ev
FN:131,_ZNSaINSt7__cxx1112basic_stringIcSt11char_traitsIcESaIcEEEEC2Ev
FN:131,_ZNSaISt6vectorIdSaIdEEEC2Ev
FN:131,_ZNSaIPN8nlohmann10basic_jsonISt3mapSt6vectorNSt7__cxx1112basic_stringIcSt11char_traitsIcESaIcEEEblmdSaNS_14adl_serializerEEEEC2Ev
FN:133,_ZNSaIN8nlohmann6detail20input_stream_adapterEEC2ERKS2_
FN:133,_ZNSaIP6sensorEC2ERKS1_
FN:133,_ZNSaIN8nlohmann10basic_jsonISt3mapSt6vectorNSt7__cxx1112basic_stringIcSt11char_traitsIcESaIcEEEblmdSaNS_14adl_serializerEEEEC2ERKSB_
FN:133,_ZNSaISt13_Rb_tree_nodeISt4pairIKNSt7__cxx1112basic_stringIcSt11char_traitsIcESaIcEEEN8nlohmann10basic_jsonISt3mapSt6vectorS6_blmdSaNS8_14adl_serializerEEEEEEC2ERKSG_
FN:133,_ZNSaISt6vectorIdSaIdEEEC2ERKS2_
FN:133,_ZNSaIdEC2ERKS_
FN:137,_ZNSaISt23_Sp_counted_ptr_inplaceIN8nlohmann6detail20input_stream_adapterESaIS2_ELN9__gnu_cxx12_Lock_policyE2EEEC2IS2_EERKSaIT_E
FN:139,_ZNSaISt6vectorIdSaIdEEED2Ev
FN:139,_ZNSaISt6vectorIN8nlohmann10basic_jsonISt3mapS_NSt7__cxx1112basic_stringIcSt11char_traitsIcESaIcEEEblmdSaNS0_14adl_serializerEEESaISA_EEED2Ev
FN:139,_ZNSaIN8nlohmann10basic_jsonISt3mapSt6vectorNSt7__cxx1112basic_stringIcSt11char_traitsIcESaIcEEEblmdSaNS_14adl_serializerEEEED2Ev
FN:139,_ZNSaIP6sensorED2Ev
FN:139,_ZNSaIdED2Ev
FN:139,_ZNSaImED2Ev
FN:139,_ZNSaISt3mapINSt7__cxx1112basic_stringIcSt11char_traitsIcESaIcEEEN8nlohmann10basic_jsonIS_St6vectorS5_blmdSaNS6_14adl_serializerEEESt4lessIvESaISt4pairIKS5_SA_EEEED2Ev
FN:139,_ZNSaISt23_Sp_counted_ptr_inplaceIN8nlohmann6detail20input_stream_adapterESaIS2_ELN9__gnu_cxx12_Lock_policyE2EEED2Ev
FN:139,_ZNSaINSt7__cxx1112basic_stringIcSt11char_traitsIcESaIcEEEED2Ev
FN:139,_ZNSaIPN8nlohmann10basic_jsonISt3mapSt6vectorNSt7__cxx1112basic_stringIcSt11char_traitsIcESaIcEEEblmdSaNS_14adl_serializerEEEED2Ev
FN:139,_ZNSaIN8nlohmann6detail20input_stream_adapterEED2Ev
FN:139,_ZNSaISt13_Rb_tree_nodeISt4pairIKNSt7__cxx1112basic_stringIcSt11char_traitsIcESaIcEEEN8nlohmann10basic_jsonISt3mapSt6vectorS6_blmdSaNS8_14adl_serializerEEEEEED2Ev
FNDA:1,_ZNSaIN8nlohmann10basic_jsonISt3mapSt6vectorNSt7__cxx1112basic_stringIcSt11char_traitsIcESaIcEEEblmdSaNS_14adl_serializerEEEEC2Ev
FNDA:837,_ZNSaISt13_Rb_tree_nodeISt4pairIKNSt7__cxx1112basic_stringIcSt11char_traitsIcESaIcEEEN8nlohmann10basic_jsonISt3mapSt6vectorS6_blmdSaNS8_14adl_serializerEEEEEEC2Ev
FNDA:1,_ZNSaImEC2Ev
FNDA:1,_ZNSaIPN8nlohmann10basic_jsonISt3mapSt6vectorNSt7__cxx1112basic_stringIcSt11char_traitsIcESaIcEEEblmdSaNS_14adl_serializerEEEEC2Ev
FNDA:1,_ZNSaISt6vectorIdSaIdEEEC2Ev
FNDA:0,_ZNSaINSt7__cxx1112basic_stringIcSt11char_traitsIcESaIcEEEEC2Ev
FNDA:0,_ZNSaISt6vectorIN8nlohmann10basic_jsonISt3mapS_NSt7__cxx1112basic_stringIcSt11char_traitsIcESaIcEEEblmdSaNS0_14adl_serializerEEESaISA_EEEC2Ev
FNDA:0,_ZNSaISt3mapINSt7__cxx1112basic_stringIcSt11char_traitsIcESaIcEEEN8nlohmann10basic_jsonIS_St6vectorS5_blmdSaNS6_14adl_serializerEEESt4lessIvESaISt4pairIKS5_SA_EEEEC2Ev
FNDA:1,_ZNSaIN8nlohmann6detail20input_stream_adapterEEC2Ev
FNDA:23,_ZNSaIdEC2ERKS_
FNDA:0,_ZNSaIN8nlohmann10basic_jsonISt3mapSt6vectorNSt7__cxx1112basic_stringIcSt11char_traitsIcESaIcEEEblmdSaNS_14adl_serializerEEEEC2ERKSB_
FNDA:0,_ZNSaISt13_Rb_tree_nodeISt4pairIKNSt7__cxx1112basic_stringIcSt11char_traitsIcESaIcEEEN8nlohmann10basic_jsonISt3mapSt6vectorS6_blmdSaNS8_14adl_serializerEEEEEEC2ERKSG_
FNDA:3,_ZNSaIN8nlohmann6detail20input_stream_adapterEEC2ERKS2_
FNDA:2,_ZNSaISt6vectorIdSaIdEEEC2ERKS2_
FNDA:14,_ZNSaIP6sensorEC2ERKS1_
FNDA:2,_ZNSaISt23_Sp_counted_ptr_inplaceIN8nlohmann6detail20input_stream_adapterESaIS2_ELN9__gnu_cxx12_Lock_policyE2EEEC2IS2_EERKSaIT_E
FNDA:0,_ZNSaIN8nlohmann10basic_jsonISt3mapSt6vectorNSt7__cxx1112basic_stringIcSt11char_traitsIcESaIcEEEblmdSaNS_14adl_serializerEEEED2Ev
FNDA:0,_ZNSaISt13_Rb_tree_nodeISt4pairIKNSt7__cxx1112basic_stringIcSt11char_traitsIcESaIcEEEN8nlohmann10basic_jsonISt3mapSt6vectorS6_blmdSaNS8_14adl_serializerEEEEEED2Ev
FNDA:2,_ZNSaISt23_Sp_counted_ptr_inplaceIN8nlohmann6detail20input_stream_adapterESaIS2_ELN9__gnu_cxx12_Lock_policyE2EEED2Ev
FNDA:1,_ZNSaImED2Ev
FNDA:1,_ZNSaIPN8nlohmann10basic_jsonISt3mapSt6vectorNSt7__cxx1112basic_stringIcSt11char_traitsIcESaIcEEEblmdSaNS_14adl_serializerEEEED2Ev
FNDA:0,_ZNSaIdED2Ev
FNDA:0,_ZNSaINSt7__cxx1112basic_stringIcSt11char_traitsIcESaIcEEEED2Ev
FNDA:0,_ZNSaISt6vectorIN8nlohmann10basic_jsonISt3mapS_NSt7__cxx1112basic_stringIcSt11char_traitsIcESaIcEEEblmdSaNS0_14adl_serializerEEESaISA_EEED2Ev
FNDA:0,_ZNSaISt3mapINSt7__cxx1112basic_stringIcSt11char_traitsIcESaIcEEEN8nlohmann10basic_jsonIS_St6vectorS5_blmdSaNS6_14adl_serializerEEESt4lessIvESaISt4pairIKS5_SA_EEEED2Ev
FNDA:3,_ZNSaISt6vectorIdSaIdEEED2Ev
FNDA:0,_ZNSaIP6sensorED2Ev
FNDA:4,_ZNSaIN8nlohmann6detail20input_stream_adapterEED2Ev
FNF:28
FNH:16
DA:131,842
DA:133,42
DA:134,42
DA:137,2
DA:139,11
LF:5
LH:5
end_of_record
SF:/usr/include/c++/7/bits/basic_string.h
FN:139,_ZNSt7__cxx1112basic_stringIcSt11char_traitsIcESaIcEE12_Alloc_hiderD2Ev
FN:232,_ZNSt7__cxx1112basic_stringIcSt11char_traitsIcESaIcEE16_M_construct_auxIPcEEvT_S7_St12__false_type
FN:252,_ZNSt7__cxx1112basic_stringIcSt11char_traitsIcESaIcEE12_M_constructIPcEEvT_S7_
FN:604,_ZNSt7__cxx1112basic_stringIcSt11char_traitsIcESaIcEEC2IPcvEET_S7_RKS3_
FN:5941,_ZStplIcSt11char_traitsIcESaIcEENSt7__cxx1112basic_stringIT_T0_T1_EEOS8_RKS8_
FN:5953,_ZStplIcSt11char_traitsIcESaIcEENSt7__cxx1112basic_stringIT_T0_T1_EEOS8_S9_
FN:5965,_ZStplIcSt11char_traitsIcESaIcEENSt7__cxx1112basic_stringIT_T0_T1_EEPKS5_OS8_
FN:5977,_ZStplIcSt11char_traitsIcESaIcEENSt7__cxx1112basic_stringIT_T0_T1_EEOS8_PKS5_
FN:6082,_ZStltIcSt11char_traitsIcESaIcEEbRKNSt7__cxx1112basic_stringIT_T0_T1_EESA_
FN:6402,_ZNSt7__cxx119to_stringEi
FN:6418,_ZNSt7__cxx119to_stringEm
FNDA:0,_ZNSt7__cxx1112basic_stringIcSt11char_traitsIcESaIcEE12_Alloc_hiderD2Ev
FNDA:0,_ZNSt7__cxx1112basic_stringIcSt11char_traitsIcESaIcEE16_M_construct_auxIPcEEvT_S7_St12__false_type
FNDA:0,_ZNSt7__cxx1112basic_stringIcSt11char_traitsIcESaIcEE12_M_constructIPcEEvT_S7_
FNDA:0,_ZNSt7__cxx1112basic_stringIcSt11char_traitsIcESaIcEEC2IPcvEET_S7_RKS3_
FNDA:0,_ZStplIcSt11char_traitsIcESaIcEENSt7__cxx1112basic_stringIT_T0_T1_EEOS8_RKS8_
FNDA:0,_ZStplIcSt11char_traitsIcESaIcEENSt7__cxx1112basic_stringIT_T0_T1_EEOS8_S9_
FNDA:0,_ZStplIcSt11char_traitsIcESaIcEENSt7__cxx1112basic_stringIT_T0_T1_EEPKS5_OS8_
FNDA:0,_ZStplIcSt11char_traitsIcESaIcEENSt7__cxx1112basic_stringIT_T0_T1_EEOS8_PKS5_
FNDA:0,_ZStltIcSt11char_traitsIcESaIcEEbRKNSt7__cxx1112basic_stringIT_T0_T1_EESA_
FNDA:0,_ZNSt7__cxx119to_stringEi
FNDA:0,_ZNSt7__cxx119to_stringEm
FNF:11
FNH:0
DA:139,0
DA:232,0
DA:236,0
DA:237,0
DA:252,0
DA:255,0
DA:256,0
DA:604,0
DA:606,0
DA:607,0
DA:5941,0
DA:5943,0
DA:5953,0
DA:5956,0
DA:5957,0
DA:5958,0
DA:5959,0
DA:5960,0
DA:5965,0
DA:5967,0
DA:5977,0
DA:5979,0
DA:6082,0
DA:6085,0
DA:6402,0
DA:6404,0
DA:6418,0
DA:6421,0
LF:28
LH:0
end_of_record
SF:/usr/include/c++/7/bits/basic_string.tcc
FN:206,_ZNSt7__cxx1112basic_stringIcSt11char_traitsIcESaIcEE12_M_constructIPcEEvT_S7_St20forward_iterator_tag
FN:1157,_ZStplIcSt11char_traitsIcESaIcEENSt7__cxx1112basic_stringIT_T0_T1_EEPKS5_RKS8_
FNDA:0,_ZNSt7__cxx1112basic_stringIcSt11char_traitsIcESaIcEE12_M_constructIPcEEvT_S7_St20forward_iterator_tag
FNDA:0,_ZStplIcSt11char_traitsIcESaIcEENSt7__cxx1112basic_stringIT_T0_T1_EEPKS5_RKS8_
FNF:2
FNH:0
DA:206,0
DA:211,0
DA:212,0
DA:215,0
DA:217,0
DA:219,0
DA:220,0
DA:225,0
DA:226,0
DA:228,0
DA:229,0
DA:232,0
DA:233,0
DA:1157,0
DA:1163,0
DA:1164,0
DA:1165,0
DA:1166,0
DA:1167,0
DA:1168,0
LF:20
LH:0
end_of_record
SF:/usr/include/c++/7/bits/char_traits.h
FN:314,_ZNSt11char_traitsIcE6lengthEPKc
FN:362,_ZNSt11char_traitsIcE12to_char_typeERKi
FN:376,_ZNSt11char_traitsIcE3eofEv
FNDA:0,_ZNSt11char_traitsIcE6lengthEPKc
FNDA:1780213,_ZNSt11char_traitsIcE12to_char_typeERKi
FNDA:1035331,_ZNSt11char_traitsIcE3eofEv
FNF:3
FNH:2
DA:314,0
DA:320,0
DA:362,1780213
DA:363,1780213
DA:376,1035331
DA:377,1035331
LF:6
LH:4
end_of_record
SF:/usr/include/c++/7/bits/cpp_type_traits.h
FN:408,_ZSt12__miter_baseISt13_Bit_iteratorET_S1_
FN:408,_ZSt12__miter_baseIN9__gnu_cxx17__normal_iteratorIPKP6sensorSt6vectorIS3_SaIS3_EEEEET_SA_
FN:408,_ZSt12__miter_baseIN9__gnu_cxx17__normal_iteratorIPN8nlohmann10basic_jsonISt3mapSt6vectorNSt7__cxx1112basic_stringIcSt11char_traitsIcESaIcEEEblmdSaNS2_14adl_serializerEEES5_ISD_SaISD_EEEEET_SI_
FN:408,_ZSt12__miter_baseIPmET_S1_
FN:408,_ZSt12__miter_baseISt19_Bit_const_iteratorET_S1_
FN:408,_ZSt12__miter_baseIN9__gnu_cxx17__normal_iteratorIPKdSt6vectorIdSaIdEEEEET_S8_
FN:408,_ZSt12__miter_baseIPcET_S1_
FN:408,_ZSt12__miter_baseIPPN8nlohmann10basic_jsonISt3mapSt6vectorNSt7__cxx1112basic_stringIcSt11char_traitsIcESaIcEEEblmdSaNS0_14adl_serializerEEEET_SE_
FNDA:8,_ZSt12__miter_baseIPPN8nlohmann10basic_jsonISt3mapSt6vectorNSt7__cxx1112basic_stringIcSt11char_traitsIcESaIcEEEblmdSaNS0_14adl_serializerEEEET_SE_
FNDA:0,_ZSt12__miter_baseIN9__gnu_cxx17__normal_iteratorIPN8nlohmann10basic_jsonISt3mapSt6vectorNSt7__cxx1112basic_stringIcSt11char_traitsIcESaIcEEEblmdSaNS2_14adl_serializerEEES5_ISD_SaISD_EEEEET_SI_
FNDA:28,_ZSt12__miter_baseIPcET_S1_
FNDA:10,_ZSt12__miter_baseIN9__gnu_cxx17__normal_iteratorIPKdSt6vectorIdSaIdEEEEET_S8_
FNDA:2,_ZSt12__miter_baseISt19_Bit_const_iteratorET_S1_
FNDA:2,_ZSt12__miter_baseIPmET_S1_
FNDA:2,_ZSt12__miter_baseISt13_Bit_iteratorET_S1_
FNDA:14,_ZSt12__miter_baseIN9__gnu_cxx17__normal_iteratorIPKP6sensorSt6vectorIS3_SaIS3_EEEEET_SA_
FNF:8
FNH:7
DA:408,66
DA:409,66
LF:2
LH:2
end_of_record
SF:/usr/include/c++/7/bits/exception.h
FN:60,_ZNSt9exceptionC2ERKS_
FN:63,_ZNSt9exceptionC2Ev
FNDA:0,_ZNSt9exceptionC2ERKS_
FNDA:0,_ZNSt9exceptionC2Ev
FNF:2
FNH:0
DA:60,0
DA:63,0
LF:2
LH:0
end_of_record
SF:/usr/include/c++/7/bits/move.h
FN:47,_ZSt11__addressofImEPT_RS0_
FN:47,_ZSt11__addressofISaISt23_Sp_counted_ptr_inplaceIN8nlohmann6detail20input_stream_adapterESaIS3_ELN9__gnu_cxx12_Lock_policyE2EEEEPT_RS9_
FN:47,_ZSt11__addressofIN8nlohmann10basic_jsonISt3mapSt6vectorNSt7__cxx1112basic_stringIcSt11char_traitsIcESaIcEEEblmdSaNS0_14adl_serializerEEEEPT_RSC_
FN:47,_ZSt11__addressofISt6vectorIdSaIdEEEPT_RS3_
FN:73,_ZSt7forwardIRKZN8nlohmann10basic_jsonISt3mapSt6vectorNSt7__cxx1112basic_stringIcSt11char_traitsIcESaIcEEEblmdSaNS0_14adl_serializerEE6createIS2_IS9_SB_St4lessIvESaISt4pairIKS9_SB_EEEJEEEPT_DpOT0_EUlPSJ_E_EOSK_RNSt16remove_referenceISK_E4typeE
FN:73,_ZSt7forwardIRKNSt7__cxx1112basic_stringIcSt11char_traitsIcESaIcEEEEOT_RNSt16remove_referenceIS8_E4typeE
FN:73,_ZSt7forwardIRPSt6vectorIN8nlohmann10basic_jsonISt3mapS0_NSt7__cxx1112basic_stringIcSt11char_traitsIcESaIcEEEblmdSaNS1_14adl_serializerEEESaISB_EEEOT_RNSt16remove_referenceISG_E4typeE
FN:73,_ZSt7forwardISt5tupleIJRKNSt7__cxx1112basic_stringIcSt11char_traitsIcESaIcEEEEEEOT_RNSt16remove_referenceISA_E4typeE
FN:73,_ZSt7forwardIcEOT_RNSt16remove_referenceIS0_E4typeE
FN:73,_ZSt7forwardIN8nlohmann10basic_jsonISt3mapSt6vectorNSt7__cxx1112basic_stringIcSt11char_traitsIcESaIcEEEblmdSaNS0_14adl_serializerEEEEOT_RNSt16remove_referenceISC_E4typeE
FN:73,_ZSt7forwardIRPSt3mapINSt7__cxx1112basic_stringIcSt11char_traitsIcESaIcEEEN8nlohmann10basic_jsonIS0_St6vectorS6_blmdSaNS7_14adl_serializerEEESt4lessIvESaISt4pairIKS6_SB_EEEEOT_RNSt16remove_referenceISL_E4typeE
FN:73,_ZSt7forwardIRKZN8nlohmann10basic_jsonISt3mapSt6vectorNSt7__cxx1112basic_stringIcSt11char_traitsIcESaIcEEEblmdSaNS0_14adl_serializerEE6createIS3_ISB_SaISB_EEJRKSE_EEEPT_DpOT0_EUlPSE_E_EOSH_RNSt16remove_referenceISH_E4typeE
FN:73,_ZSt7forwardIRKZN8nlohmann10basic_jsonISt3mapSt6vectorNSt7__cxx1112basic_stringIcSt11char_traitsIcESaIcEEEblmdSaNS0_14adl_serializerEE6createIS2_IS9_SB_St4lessIvESaISt4pairIKS9_SB_EEEJRKSJ_EEEPT_DpOT0_EUlPSJ_E_EOSM_RNSt16remove_referenceISM_E4typeE
FN:73,_ZSt7forwardIRKSt6vectorIdSaIdEEEOT_RNSt16remove_referenceIS5_E4typeE
FN:73,_ZSt7forwardIRKSt4pairIKNSt7__cxx1112basic_stringIcSt11char_traitsIcESaIcEEEN8nlohmann10basic_jsonISt3mapSt6vectorS6_blmdSaNS8_14adl_serializerEEEEEOT_RNSt16remove_referenceISH_E4typeE
FN:73,_ZSt7forwardIRbEOT_RNSt16remove_referenceIS1_E4typeE
FN:73,_ZSt7forwardIRKPN8nlohmann10basic_jsonISt3mapSt6vectorNSt7__cxx1112basic_stringIcSt11char_traitsIcESaIcEEEblmdSaNS0_14adl_serializerEEEEOT_RNSt16remove_referenceISF_E4typeE
FN:73,_ZSt7forwardIRPSt18_Rb_tree_node_baseEOT_RNSt16remove_referenceIS3_E4typeE
FN:73,_ZSt7forwardIRKZN8nlohmann10basic_jsonISt3mapSt6vectorNSt7__cxx1112basic_stringIcSt11char_traitsIcESaIcEEEblmdSaNS0_14adl_serializerEE6createIS9_JRKS9_EEEPT_DpOT0_EUlPS9_E_EOSF_RNSt16remove_referenceISF_E4typeE
FN:73,_ZSt7forwardIRlEOT_RNSt16remove_referenceIS1_E4typeE
FN:73,_ZSt7forwardIRNSt7__cxx1112basic_stringIcSt11char_traitsIcESaIcEEEEOT_RNSt16remove_referenceIS7_E4typeE
FN:73,_ZSt7forwardIiEOT_RNSt16remove_referenceIS0_E4typeE
FN:73,_ZSt7forwardISt6vectorIdSaIdEEEOT_RNSt16remove_referenceIS3_E4typeE
FN:73,_ZSt7forwardIRSiEOT_RNSt16remove_referenceIS1_E4typeE
FN:73,_ZSt7forwardIRKZN8nlohmann10basic_jsonISt3mapSt6vectorNSt7__cxx1112basic_stringIcSt11char_traitsIcESaIcEEEblmdSaNS0_14adl_serializerEE6createIS3_ISB_SaISB_EEJEEEPT_DpOT0_EUlPSE_E_EOSF_RNSt16remove_referenceISF_E4typeE
FN:73,_ZSt7forwardIRN8nlohmann10basic_jsonISt3mapSt6vectorNSt7__cxx1112basic_stringIcSt11char_traitsIcESaIcEEEblmdSaNS0_14adl_serializerEEEEOT_RNSt16remove_referenceISD_E4typeE
FN:73,_ZSt7forwardIbEOT_RNSt16remove_referenceIS0_E4typeE
FN:73,_ZSt7forwardIRmEOT_RNSt16remove_referenceIS1_E4typeE
FN:73,_ZSt7forwardIRKN8nlohmann10basic_jsonISt3mapSt6vectorNSt7__cxx1112basic_stringIcSt11char_traitsIcESaIcEEEblmdSaNS0_14adl_serializerEEEEOT_RNSt16remove_referenceISE_E4typeE
FN:73,_ZSt7forwardIRA1_KcEOT_RNSt16remove_referenceIS3_E4typeE
FN:73,_ZSt7forwardIRPNSt7__cxx1112basic_stringIcSt11char_traitsIcESaIcEEEEOT_RNSt16remove_referenceIS8_E4typeE
FN:73,_ZSt7forwardIDnEOT_RNSt16remove_referenceIS0_E4typeE
FN:73,_ZSt7forwardIRPSt13_Rb_tree_nodeISt4pairIKNSt7__cxx1112basic_stringIcSt11char_traitsIcESaIcEEEN8nlohmann10basic_jsonISt3mapSt6vectorS7_blmdSaNS9_14adl_serializerEEEEEEOT_RNSt16remove_referenceISJ_E4typeE
FN:73,_ZSt7forwardIRKSt21piecewise_construct_tEOT_RNSt16remove_referenceIS3_E4typeE
FN:73,_ZSt7forwardIN8nlohmann6detail6parserINS0_10basic_jsonISt3mapSt6vectorNSt7__cxx1112basic_stringIcSt11char_traitsIcESaIcEEEblmdSaNS0_14adl_serializerEEEE13parse_event_tEEOT_RNSt16remove_referenceISG_E4typeE
FN:73,_ZSt7forwardISt5tupleIJEEEOT_RNSt16remove_referenceIS2_E4typeE
FN:73,_ZSt7forwardIRKSt6vectorIN8nlohmann10basic_jsonISt3mapS0_NSt7__cxx1112basic_stringIcSt11char_traitsIcESaIcEEEblmdSaNS1_14adl_serializerEEESaISB_EEEOT_RNSt16remove_referenceISG_E4typeE
FN:73,_ZSt7forwardIRKSt3mapINSt7__cxx1112basic_stringIcSt11char_traitsIcESaIcEEEN8nlohmann10basic_jsonIS0_St6vectorS6_blmdSaNS7_14adl_serializerEEESt4lessIvESaISt4pairIKS6_SB_EEEEOT_RNSt16remove_referenceISL_E4typeE
FN:73,_ZSt7forwardIPN8nlohmann10basic_jsonISt3mapSt6vectorNSt7__cxx1112basic_stringIcSt11char_traitsIcESaIcEEEblmdSaNS0_14adl_serializerEEEEOT_RNSt16remove_referenceISD_E4typeE
FN:73,_ZSt7forwardIRPN8nlohmann10basic_jsonISt3mapSt6vectorNSt7__cxx1112basic_stringIcSt11char_traitsIcESaIcEEEblmdSaNS0_14adl_serializerEEEEOT_RNSt16remove_referenceISE_E4typeE
FN:73,_ZSt7forwardIRKZN8nlohmann10basic_jsonISt3mapSt6vectorNSt7__cxx1112basic_stringIcSt11char_traitsIcESaIcEEEblmdSaNS0_14adl_serializerEE6createIS9_JRA1_KcEEEPT_DpOT0_EUlPS9_E_EOSG_RNSt16remove_referenceISG_E4typeE
FN:73,_ZSt7forwardIRdEOT_RNSt16remove_referenceIS1_E4typeE
FN:73,_ZSt7forwardIN8nlohmann6detail7value_tEEOT_RNSt16remove_referenceIS3_E4typeE
FN:98,_ZSt4moveIRN8nlohmann10basic_jsonISt3mapSt6vectorNSt7__cxx1112basic_stringIcSt11char_traitsIcESaIcEEEblmdSaNS0_14adl_serializerEEEEONSt16remove_referenceIT_E4typeEOSE_
FN:98,_ZSt4moveIRSt10shared_ptrIN8nlohmann6detail20input_stream_adapterEEEONSt16remove_referenceIT_E4typeEOS7_
FN:98,_ZSt4moveIRN8nlohmann6detail7value_tEEONSt16remove_referenceIT_E4typeEOS5_
FN:98,_ZSt4moveIRPdEONSt16remove_referenceIT_E4typeEOS3_
FN:98,_ZSt4moveIRNSt7__cxx1112basic_stringIcSt11char_traitsIcESaIcEEEEONSt16remove_referenceIT_E4typeEOS8_
FN:98,_ZSt4moveIRSt10shared_ptrIN8nlohmann6detail22input_adapter_protocolEEEONSt16remove_referenceIT_E4typeEOS7_
FN:98,_ZSt4moveIRKSaIN8nlohmann6detail20input_stream_adapterEEEONSt16remove_referenceIT_E4typeEOS7_
FN:98,_ZSt4moveIRSaIdEEONSt16remove_referenceIT_E4typeEOS3_
FN:98,_ZSt4moveIRcEONSt16remove_referenceIT_E4typeEOS2_
FN:98,_ZSt4moveIRPN8nlohmann10basic_jsonISt3mapSt6vectorNSt7__cxx1112basic_stringIcSt11char_traitsIcESaIcEEEblmdSaNS0_14adl_serializerEEEEONSt16remove_referenceIT_E4typeEOSF_
FN:98,_ZSt4moveIRSt6vectorIdSaIdEEEONSt16remove_referenceIT_E4typeEOS5_
FN:98,_ZSt4moveIRN8nlohmann10basic_jsonISt3mapSt6vectorNSt7__cxx1112basic_stringIcSt11char_traitsIcESaIcEEEblmdSaNS0_14adl_serializerEE10json_valueEEONSt16remove_referenceIT_E4typeEOSF_
FN:187,_ZSt4swapIPdENSt9enable_ifIXsrSt6__and_IJSt6__not_ISt15__is_tuple_likeIT_EESt21is_move_constructibleIS5_ESt18is_move_assignableIS5_EEE5valueEvE4typeERS5_SF_
FN:187,_ZSt4swapIN8nlohmann10basic_jsonISt3mapSt6vectorNSt7__cxx1112basic_stringIcSt11char_traitsIcESaIcEEEblmdSaNS0_14adl_serializerEE10json_valueEENSt9enable_ifIXsrSt6__and_IJSt6__not_ISt15__is_tuple_likeIT_EESt21is_move_constructibleISH_ESt18is_move_assignableISH_EEE5valueEvE4typeERSH_SR_
FN:187,_ZSt4swapIN8nlohmann6detail7value_tEENSt9enable_ifIXsrSt6__and_IJSt6__not_ISt15__is_tuple_likeIT_EESt21is_move_constructibleIS7_ESt18is_move_assignableIS7_EEE5valueEvE4typeERS7_SH_
FNDA:0,_ZSt11__addressofIN8nlohmann10basic_jsonISt3mapSt6vectorNSt7__cxx1112basic_stringIcSt11char_traitsIcESaIcEEEblmdSaNS0_14adl_serializerEEEEPT_RSC_
FNDA:2,_ZSt11__addressofISaISt23_Sp_counted_ptr_inplaceIN8nlohmann6detail20input_stream_adapterESaIS3_ELN9__gnu_cxx12_Lock_policyE2EEEEPT_RS9_
FNDA:839,_ZSt11__addressofImEPT_RS0_
FNDA:30,_ZSt11__addressofISt6vectorIdSaIdEEEPT_RS3_
FNDA:837,_ZSt7forwardIRPSt13_Rb_tree_nodeISt4pairIKNSt7__cxx1112basic_stringIcSt11char_traitsIcESaIcEEEN8nlohmann10basic_jsonISt3mapSt6vectorS7_blmdSaNS9_14adl_serializerEEEEEEOT_RNSt16remove_referenceISJ_E4typeE
FNDA:0,_ZSt7forwardIRPN8nlohmann10basic_jsonISt3mapSt6vectorNSt7__cxx1112basic_stringIcSt11char_traitsIcESaIcEEEblmdSaNS0_14adl_serializerEEEEOT_RNSt16remove_referenceISE_E4typeE
FNDA:29295,_ZSt7forwardIRPSt18_Rb_tree_node_baseEOT_RNSt16remove_referenceIS3_E4typeE
FNDA:0,_ZSt7forwardIRKPN8nlohmann10basic_jsonISt3mapSt6vectorNSt7__cxx1112basic_stringIcSt11char_traitsIcESaIcEEEblmdSaNS0_14adl_serializerEEEEOT_RNSt16remove_referenceISF_E4typeE
FNDA:0,_ZSt7forwardIRN8nlohmann10basic_jsonISt3mapSt6vectorNSt7__cxx1112basic_stringIcSt11char_traitsIcESaIcEEEblmdSaNS0_14adl_serializerEEEEOT_RNSt16remove_referenceISD_E4typeE
FNDA:0,_ZSt7forwardIN8nlohmann6detail6parserINS0_10basic_jsonISt3mapSt6vectorNSt7__cxx1112basic_stringIcSt11char_traitsIcESaIcEEEblmdSaNS0_14adl_serializerEEEE13parse_event_tEEOT_RNSt16remove_referenceISG_E4typeE
FNDA:129735,_ZSt7forwardISt5tupleIJEEEOT_RNSt16remove_referenceIS2_E4typeE
FNDA:129735,_ZSt7forwardISt5tupleIJRKNSt7__cxx1112basic_stringIcSt11char_traitsIcESaIcEEEEEEOT_RNSt16remove_referenceISA_E4typeE
FNDA:129735,_ZSt7forwardIRKSt21piecewise_construct_tEOT_RNSt16remove_referenceIS3_E4typeE
FNDA:2516,_ZSt7forwardIPN8nlohmann10basic_jsonISt3mapSt6vectorNSt7__cxx1112basic_stringIcSt11char_traitsIcESaIcEEEblmdSaNS0_14adl_serializerEEEEOT_RNSt16remove_referenceISD_E4typeE
FNDA:95995,_ZSt7forwardIRdEOT_RNSt16remove_referenceIS1_E4typeE
FNDA:25265,_ZSt7forwardIRmEOT_RNSt16remove_referenceIS1_E4typeE
FNDA:105,_ZSt7forwardIRlEOT_RNSt16remove_referenceIS1_E4typeE
FNDA:0,_ZSt7forwardIRbEOT_RNSt16remove_referenceIS1_E4typeE
FNDA:0,_ZSt7forwardIRKSt4pairIKNSt7__cxx1112basic_stringIcSt11char_traitsIcESaIcEEEN8nlohmann10basic_jsonISt3mapSt6vectorS6_blmdSaNS8_14adl_serializerEEEEEOT_RNSt16remove_referenceISH_E4typeE
FNDA:0,_ZSt7forwardIRKN8nlohmann10basic_jsonISt3mapSt6vectorNSt7__cxx1112basic_stringIcSt11char_traitsIcESaIcEEEblmdSaNS0_14adl_serializerEEEEOT_RNSt16remove_referenceISE_E4typeE
FNDA:3188854,_ZSt7forwardIcEOT_RNSt16remove_referenceIS0_E4typeE
FNDA:0,_ZSt7forwardIRKZN8nlohmann10basic_jsonISt3mapSt6vectorNSt7__cxx1112basic_stringIcSt11char_traitsIcESaIcEEEblmdSaNS0_14adl_serializerEE6createIS9_JRA1_KcEEEPT_DpOT0_EUlPS9_E_EOSG_RNSt16remove_referenceISG_E4typeE
FNDA:3,_ZSt7forwardIRKZN8nlohmann10basic_jsonISt3mapSt6vectorNSt7__cxx1112basic_stringIcSt11char_traitsIcESaIcEEEblmdSaNS0_14adl_serializerEE6createIS3_ISB_SaISB_EEJEEEPT_DpOT0_EUlPSE_E_EOSF_RNSt16remove_referenceISF_E4typeE
FNDA:2511,_ZSt7forwardIRKZN8nlohmann10basic_jsonISt3mapSt6vectorNSt7__cxx1112basic_stringIcSt11char_traitsIcESaIcEEEblmdSaNS0_14adl_serializerEE6createIS2_IS9_SB_St4lessIvESaISt4pairIKS9_SB_EEEJEEEPT_DpOT0_EUlPSJ_E_EOSK_RNSt16remove_referenceISK_E4typeE
FNDA:0,_ZSt7forwardIRPNSt7__cxx1112basic_stringIcSt11char_traitsIcESaIcEEEEOT_RNSt16remove_referenceIS8_E4typeE
FNDA:0,_ZSt7forwardIRPSt6vectorIN8nlohmann10basic_jsonISt3mapS0_NSt7__cxx1112basic_stringIcSt11char_traitsIcESaIcEEEblmdSaNS1_14adl_serializerEEESaISB_EEEOT_RNSt16remove_referenceISG_E4typeE
FNDA:0,_ZSt7forwardIRPSt3mapINSt7__cxx1112basic_stringIcSt11char_traitsIcESaIcEEEN8nlohmann10basic_jsonIS0_St6vectorS6_blmdSaNS7_14adl_serializerEEESt4lessIvESaISt4pairIKS6_SB_EEEEOT_RNSt16remove_referenceISL_E4typeE
FNDA:5,_ZSt7forwardIRKSt6vectorIdSaIdEEEOT_RNSt16remove_referenceIS5_E4typeE
FNDA:0,_ZSt7forwardIRKZN8nlohmann10basic_jsonISt3mapSt6vectorNSt7__cxx1112basic_stringIcSt11char_traitsIcESaIcEEEblmdSaNS0_14adl_serializerEE6createIS9_JRKS9_EEEPT_DpOT0_EUlPS9_E_EOSF_RNSt16remove_referenceISF_E4typeE
FNDA:0,_ZSt7forwardIRKZN8nlohmann10basic_jsonISt3mapSt6vectorNSt7__cxx1112basic_stringIcSt11char_traitsIcESaIcEEEblmdSaNS0_14adl_serializerEE6createIS3_ISB_SaISB_EEJRKSE_EEEPT_DpOT0_EUlPSE_E_EOSH_RNSt16remove_referenceISH_E4typeE
FNDA:0,_ZSt7forwardIRKZN8nlohmann10basic_jsonISt3mapSt6vectorNSt7__cxx1112basic_stringIcSt11char_traitsIcESaIcEEEblmdSaNS0_14adl_serializerEE6createIS2_IS9_SB_St4lessIvESaISt4pairIKS9_SB_EEEJRKSJ_EEEPT_DpOT0_EUlPSJ_E_EOSM_RNSt16remove_referenceISM_E4typeE
FNDA:0,_ZSt7forwardIRA1_KcEOT_RNSt16remove_referenceIS3_E4typeE
FNDA:0,_ZSt7forwardIRKNSt7__cxx1112basic_stringIcSt11char_traitsIcESaIcEEEEOT_RNSt16remove_referenceIS8_E4typeE
FNDA:0,_ZSt7forwardIRKSt6vectorIN8nlohmann10basic_jsonISt3mapS0_NSt7__cxx1112basic_stringIcSt11char_traitsIcESaIcEEEblmdSaNS1_14adl_serializerEEESaISB_EEEOT_RNSt16remove_referenceISG_E4typeE
FNDA:0,_ZSt7forwardIRKSt3mapINSt7__cxx1112basic_stringIcSt11char_traitsIcESaIcEEEN8nlohmann10basic_jsonIS0_St6vectorS6_blmdSaNS7_14adl_serializerEEESt4lessIvESaISt4pairIKS6_SB_EEEEOT_RNSt16remove_referenceISL_E4typeE
FNDA:8370,_ZSt7forwardIRNSt7__cxx1112basic_stringIcSt11char_traitsIcESaIcEEEEOT_RNSt16remove_referenceIS7_E4typeE
FNDA:29,_ZSt7forwardISt6vectorIdSaIdEEEOT_RNSt16remove_referenceIS3_E4typeE
FNDA:0,_ZSt7forwardIDnEOT_RNSt16remove_referenceIS0_E4typeE
FNDA:3360,_ZSt7forwardIN8nlohmann6detail7value_tEEOT_RNSt16remove_referenceIS3_E4typeE
FNDA:8,_ZSt7forwardIRSiEOT_RNSt16remove_referenceIS1_E4typeE
FNDA:1023,_ZSt7forwardIN8nlohmann10basic_jsonISt3mapSt6vectorNSt7__cxx1112basic_stringIcSt11char_traitsIcESaIcEEEblmdSaNS0_14adl_serializerEEEEOT_RNSt16remove_referenceISC_E4typeE
FNDA:0,_ZSt7forwardIiEOT_RNSt16remove_referenceIS0_E4typeE
FNDA:0,_ZSt7forwardIbEOT_RNSt16remove_referenceIS0_E4typeE
FNDA:0,_ZSt4moveIRN8nlohmann10basic_jsonISt3mapSt6vectorNSt7__cxx1112basic_stringIcSt11char_traitsIcESaIcEEEblmdSaNS0_14adl_serializerEEEEONSt16remove_referenceIT_E4typeEOSE_
FNDA:838,_ZSt4moveIRPN8nlohmann10basic_jsonISt3mapSt6vectorNSt7__cxx1112basic_stringIcSt11char_traitsIcESaIcEEEblmdSaNS0_14adl_serializerEEEEONSt16remove_referenceIT_E4typeEOSF_
FNDA:117,_ZSt4moveIRPdEONSt16remove_referenceIT_E4typeEOS3_
FNDA:26,_ZSt4moveIRSaIdEEONSt16remove_referenceIT_E4typeEOS3_
FNDA:1062949,_ZSt4moveIRcEONSt16remove_referenceIT_E4typeEOS2_
FNDA:1,_ZSt4moveIRKSaIN8nlohmann6detail20input_stream_adapterEEEONSt16remove_referenceIT_E4typeEOS7_
FNDA:78867,_ZSt4moveIRN8nlohmann6detail7value_tEEONSt16remove_referenceIT_E4typeEOS5_
FNDA:0,_ZSt4moveIRNSt7__cxx1112basic_stringIcSt11char_traitsIcESaIcEEEEONSt16remove_referenceIT_E4typeEOS8_
FNDA:19,_ZSt4moveIRSt6vectorIdSaIdEEEONSt16remove_referenceIT_E4typeEOS5_
FNDA:78867,_ZSt4moveIRN8nlohmann10basic_jsonISt3mapSt6vectorNSt7__cxx1112basic_stringIcSt11char_traitsIcESaIcEEEblmdSaNS0_14adl_serializerEE10json_valueEEONSt16remove_referenceIT_E4typeEOSF_
FNDA:1,_ZSt4moveIRSt10shared_ptrIN8nlohmann6detail20input_stream_adapterEEEONSt16remove_referenceIT_E4typeEOS7_
FNDA:3,_ZSt4moveIRSt10shared_ptrIN8nlohmann6detail22input_adapter_protocolEEEONSt16remove_referenceIT_E4typeEOS7_
FNDA:39,_ZSt4swapIPdENSt9enable_ifIXsrSt6__and_IJSt6__not_ISt15__is_tuple_likeIT_EESt21is_move_constructibleIS5_ESt18is_move_assignableIS5_EEE5valueEvE4typeERS5_SF_
FNDA:25948,_ZSt4swapIN8nlohmann10basic_jsonISt3mapSt6vectorNSt7__cxx1112basic_stringIcSt11char_traitsIcESaIcEEEblmdSaNS0_14adl_serializerEE10json_valueEENSt9enable_ifIXsrSt6__and_IJSt6__not_ISt15__is_tuple_likeIT_EESt21is_move_constructibleISH_ESt18is_move_assignableISH_EEE5valueEvE4typeERSH_SR_
FNDA:25948,_ZSt4swapIN8nlohmann6detail7value_tEENSt9enable_ifIXsrSt6__and_IJSt6__not_ISt15__is_tuple_likeIT_EESt21is_move_constructibleIS7_ESt18is_move_assignableIS7_EEE5valueEvE4typeERS7_SH_
FNF:58
FNH:34
DA:47,871
DA:48,871
DA:73,3747381
DA:74,3747381
DA:98,1221688
DA:99,1221688
DA:187,51935
DA:198,51935
DA:199,51935
DA:200,51935
DA:201,51935
LF:11
LH:11
end_of_record
SF:/usr/include/c++/7/bits/shared_ptr.h
FN:93,_ZNSt10shared_ptrIN8nlohmann6detail20input_stream_adapterEED2Ev
FN:93,_ZNSt10shared_ptrIN8nlohmann6detail22input_adapter_protocolEED2Ev
FN:119,_ZNSt10shared_ptrIN8nlohmann6detail22input_adapter_protocolEEC2ERKS3_
FN:244,_ZNSt10shared_ptrIN8nlohmann6detail22input_adapter_protocolEEC2EOS3_
FN:253,_ZNSt10shared_ptrIN8nlohmann6detail22input_adapter_protocolEEC2INS1_20input_stream_adapterEvEEOS_IT_E
FN:342,_ZNSt10shared_ptrIN8nlohmann6detail20input_stream_adapterEEC2ISaIS2_EJRSiEEESt19_Sp_make_shared_tagRKT_DpOT0_
FN:688,_ZSt15allocate_sharedIN8nlohmann6detail20input_stream_adapterESaIS2_EJRSiEESt10shared_ptrIT_ERKT0_DpOT1_
FN:703,_ZSt11make_sharedIN8nlohmann6detail20input_stream_adapterEJRSiEESt10shared_ptrIT_EDpOT0_
FNDA:1,_ZNSt10shared_ptrIN8nlohmann6detail20input_stream_adapterEED2Ev
FNDA:3,_ZNSt10shared_ptrIN8nlohmann6detail22input_adapter_protocolEED2Ev
FNDA:1,_ZNSt10shared_ptrIN8nlohmann6detail22input_adapter_protocolEEC2ERKS3_
FNDA:1,_ZNSt10shared_ptrIN8nlohmann6detail22input_adapter_protocolEEC2EOS3_
FNDA:1,_ZNSt10shared_ptrIN8nlohmann6detail22input_adapter_protocolEEC2INS1_20input_stream_adapterEvEEOS_IT_E
FNDA:1,_ZNSt10shared_ptrIN8nlohmann6detail20input_stream_adapterEEC2ISaIS2_EJRSiEEESt19_Sp_make_shared_tagRKT_DpOT0_
FNDA:1,_ZSt15allocate_sharedIN8nlohmann6detail20input_stream_adapterESaIS2_EJRSiEESt10shared_ptrIT_ERKT0_DpOT1_
FNDA:1,_ZSt11make_sharedIN8nlohmann6detail20input_stream_adapterEJRSiEESt10shared_ptrIT_EDpOT0_
FNF:8
FNH:8
DA:93,4
DA:119,1
DA:244,1
DA:245,1
DA:253,1
DA:254,1
DA:342,1
DA:344,1
DA:345,1
DA:688,1
DA:691,1
DA:703,1
DA:707,1
LF:13
LH:13
end_of_record
SF:/usr/include/c++/7/bits/shared_ptr_base.h
FN:116,_ZNSt16_Sp_counted_baseILN9__gnu_cxx12_Lock_policyE2EEC2Ev
FN:120,_ZNSt16_Sp_counted_baseILN9__gnu_cxx12_Lock_policyE2EED0Ev
FN:120,_ZNSt16_Sp_counted_baseILN9__gnu_cxx12_Lock_policyE2EED2Ev
FN:130,_ZNSt16_Sp_counted_baseILN9__gnu_cxx12_Lock_policyE2EE10_M_destroyEv
FN:137,_ZNSt16_Sp_counted_baseILN9__gnu_cxx12_Lock_policyE2EE15_M_add_ref_copyEv
FN:147,_ZNSt16_Sp_counted_baseILN9__gnu_cxx12_Lock_policyE2EE10_M_releaseEv
FN:411,_ZNSt14_Sp_ebo_helperILi0ESaIN8nlohmann6detail20input_stream_adapterEELb1EED2Ev
FN:413,_ZNSt14_Sp_ebo_helperILi0ESaIN8nlohmann6detail20input_stream_adapterEELb1EEC2ERKS3_
FN:417,_ZNSt14_Sp_ebo_helperILi0ESaIN8nlohmann6detail20input_stream_adapterEELb1EE6_S_getERS4_
FN:505,_ZNSt23_Sp_counted_ptr_inplaceIN8nlohmann6detail20input_stream_adapterESaIS2_ELN9__gnu_cxx12_Lock_policyE2EE5_ImplD2Ev
FN:510,_ZNSt23_Sp_counted_ptr_inplaceIN8nlohmann6detail20input_stream_adapterESaIS2_ELN9__gnu_cxx12_Lock_policyE2EE5_ImplC2ES3_
FN:512,_ZNSt23_Sp_counted_ptr_inplaceIN8nlohmann6detail20input_stream_adapterESaIS2_ELN9__gnu_cxx12_Lock_policyE2EE5_Impl8_M_allocEv
FN:521,_ZNSt23_Sp_counted_ptr_inplaceIN8nlohmann6detail20input_stream_adapterESaIS2_ELN9__gnu_cxx12_Lock_policyE2EEC2IJRSiEEES3_DpOT_
FN:530,_ZNSt23_Sp_counted_ptr_inplaceIN8nlohmann6detail20input_stream_adapterESaIS2_ELN9__gnu_cxx12_Lock_policyE2EED0Ev
FN:530,_ZNSt23_Sp_counted_ptr_inplaceIN8nlohmann6detail20input_stream_adapterESaIS2_ELN9__gnu_cxx12_Lock_policyE2EED2Ev
FN:533,_ZNSt23_Sp_counted_ptr_inplaceIN8nlohmann6detail20input_stream_adapterESaIS2_ELN9__gnu_cxx12_Lock_policyE2EE10_M_disposeEv
FN:540,_ZNSt23_Sp_counted_ptr_inplaceIN8nlohmann6detail20input_stream_adapterESaIS2_ELN9__gnu_cxx12_Lock_policyE2EE10_M_destroyEv
FN:549,_ZNSt23_Sp_counted_ptr_inplaceIN8nlohmann6detail20input_stream_adapterESaIS2_ELN9__gnu_cxx12_Lock_policyE2EE14_M_get_deleterERKSt9type_info
FN:559,_ZNSt23_Sp_counted_ptr_inplaceIN8nlohmann6detail20input_stream_adapterESaIS2_ELN9__gnu_cxx12_Lock_policyE2EE6_M_ptrEv
FN:575,_ZNSt14__shared_countILN9__gnu_cxx12_Lock_policyE2EEC2Ev
FN:629,_ZNSt14__shared_countILN9__gnu_cxx12_Lock_policyE2EEC2IN8nlohmann6detail20input_stream_adapterESaIS6_EJRSiEEESt19_Sp_make_shared_tagPT_RKT0_DpOT1_
FN:681,_ZNSt14__shared_countILN9__gnu_cxx12_Lock_policyE2EED2Ev
FN:687,_ZNSt14__shared_countILN9__gnu_cxx12_Lock_policyE2EEC2ERKS2_
FN:710,_ZNSt14__shared_countILN9__gnu_cxx12_Lock_policyE2EE7_M_swapERS2_
FN:726,_ZNKSt14__shared_countILN9__gnu_cxx12_Lock_policyE2EE14_M_get_deleterERKSt9type_info
FN:966,_ZNKSt19__shared_ptr_accessIN8nlohmann6detail22input_adapter_protocolELN9__gnu_cxx12_Lock_policyE2ELb0ELb0EEptEv
FN:974,_ZNKSt19__shared_ptr_accessIN8nlohmann6detail22input_adapter_protocolELN9__gnu_cxx12_Lock_policyE2ELb0ELb0EE6_M_getEv
FN:1121,_ZNSt12__shared_ptrIN8nlohmann6detail22input_adapter_protocolELN9__gnu_cxx12_Lock_policyE2EEC2ERKS5_
FN:1123,_ZNSt12__shared_ptrIN8nlohmann6detail20input_stream_adapterELN9__gnu_cxx12_Lock_policyE2EED2Ev
FN:1123,_ZNSt12__shared_ptrIN8nlohmann6detail22input_adapter_protocolELN9__gnu_cxx12_Lock_policyE2EED2Ev
FN:1130,_ZNSt12__shared_ptrIN8nlohmann6detail22input_adapter_protocolELN9__gnu_cxx12_Lock_policyE2EEC2EOS5_
FN:1138,_ZNSt12__shared_ptrIN8nlohmann6detail22input_adapter_protocolELN9__gnu_cxx12_Lock_policyE2EEC2INS1_20input_stream_adapterEvEEOS_IT_LS4_2EE
FN:1257,_ZNKSt12__shared_ptrIN8nlohmann6detail22input_adapter_protocolELN9__gnu_cxx12_Lock_policyE2EE3getEv
FN:1292,_ZNSt12__shared_ptrIN8nlohmann6detail20input_stream_adapterELN9__gnu_cxx12_Lock_policyE2EEC2ISaIS2_EJRSiEEESt19_Sp_make_shared_tagRKT_DpOT0_
FN:1378,_ZNSt12__shared_ptrIN8nlohmann6detail20input_stream_adapterELN9__gnu_cxx12_Lock_policyE2EE31_M_enable_shared_from_this_withIS2_S2_EENSt9enable_ifIXntsrNS5_15__has_esft_baseIT0_vEE5valueEvE4typeEPT_
FNDA:1,_ZNSt16_Sp_counted_baseILN9__gnu_cxx12_Lock_policyE2EEC2Ev
FNDA:0,_ZNSt16_Sp_counted_baseILN9__gnu_cxx12_Lock_policyE2EED0Ev
FNDA:1,_ZNSt16_Sp_counted_baseILN9__gnu_cxx12_Lock_policyE2EED2Ev
FNDA:0,_ZNSt16_Sp_counted_baseILN9__gnu_cxx12_Lock_policyE2EE10_M_destroyEv
FNDA:1,_ZNSt16_Sp_counted_baseILN9__gnu_cxx12_Lock_policyE2EE15_M_add_ref_copyEv
FNDA:2,_ZNSt16_Sp_counted_baseILN9__gnu_cxx12_Lock_policyE2EE10_M_releaseEv
FNDA:1,_ZNSt14_Sp_ebo_helperILi0ESaIN8nlohmann6detail20input_stream_adapterEELb1EED2Ev
FNDA:1,_ZNSt14_Sp_ebo_helperILi0ESaIN8nlohmann6detail20input_stream_adapterEELb1EEC2ERKS3_
FNDA:2,_ZNSt14_Sp_ebo_helperILi0ESaIN8nlohmann6detail20input_stream_adapterEELb1EE6_S_getERS4_
FNDA:1,_ZNSt23_Sp_counted_ptr_inplaceIN8nlohmann6detail20input_stream_adapterESaIS2_ELN9__gnu_cxx12_Lock_policyE2EE5_ImplD2Ev
FNDA:1,_ZNSt23_Sp_counted_ptr_inplaceIN8nlohmann6detail20input_stream_adapterESaIS2_ELN9__gnu_cxx12_Lock_policyE2EE5_ImplC2ES3_
FNDA:2,_ZNSt23_Sp_counted_ptr_inplaceIN8nlohmann6detail20input_stream_adapterESaIS2_ELN9__gnu_cxx12_Lock_policyE2EE5_Impl8_M_allocEv
FNDA:1,_ZNSt23_Sp_counted_ptr_inplaceIN8nlohmann6detail20input_stream_adapterESaIS2_ELN9__gnu_cxx12_Lock_policyE2EEC2IJRSiEEES3_DpOT_
FNDA:0,_ZNSt23_Sp_counted_ptr_inplaceIN8nlohmann6detail20input_stream_adapterESaIS2_ELN9__gnu_cxx12_Lock_policyE2EED0Ev
FNDA:1,_ZNSt23_Sp_counted_ptr_inplaceIN8nlohmann6detail20input_stream_adapterESaIS2_ELN9__gnu_cxx12_Lock_policyE2EED2Ev
FNDA:1,_ZNSt23_Sp_counted_ptr_inplaceIN8nlohmann6detail20input_stream_adapterESaIS2_ELN9__gnu_cxx12_Lock_policyE2EE10_M_disposeEv
FNDA:1,_ZNSt23_Sp_counted_ptr_inplaceIN8nlohmann6detail20input_stream_adapterESaIS2_ELN9__gnu_cxx12_Lock_policyE2EE10_M_destroyEv
FNDA:1,_ZNSt23_Sp_counted_ptr_inplaceIN8nlohmann6detail20input_stream_adapterESaIS2_ELN9__gnu_cxx12_Lock_policyE2EE14_M_get_deleterERKSt9type_info
FNDA:3,_ZNSt23_Sp_counted_ptr_inplaceIN8nlohmann6detail20input_stream_adapterESaIS2_ELN9__gnu_cxx12_Lock_policyE2EE6_M_ptrEv
FNDA:2,_ZNSt14__shared_countILN9__gnu_cxx12_Lock_policyE2EEC2Ev
FNDA:1,_ZNSt14__shared_countILN9__gnu_cxx12_Lock_policyE2EEC2IN8nlohmann6detail20input_stream_adapterESaIS6_EJRSiEEESt19_Sp_make_shared_tagPT_RKT0_DpOT1_
FNDA:4,_ZNSt14__shared_countILN9__gnu_cxx12_Lock_policyE2EED2Ev
FNDA:1,_ZNSt14__shared_countILN9__gnu_cxx12_Lock_policyE2EEC2ERKS2_
FNDA:2,_ZNSt14__shared_countILN9__gnu_cxx12_Lock_policyE2EE7_M_swapERS2_
FNDA:1,_ZNKSt14__shared_countILN9__gnu_cxx12_Lock_policyE2EE14_M_get_deleterERKSt9type_info
FNDA:986782,_ZNKSt19__shared_ptr_accessIN8nlohmann6detail22input_adapter_protocolELN9__gnu_cxx12_Lock_policyE2ELb0ELb0EEptEv
FNDA:986782,_ZNKSt19__shared_ptr_accessIN8nlohmann6detail22input_adapter_protocolELN9__gnu_cxx12_Lock_policyE2ELb0ELb0EE6_M_getEv
FNDA:1,_ZNSt12__shared_ptrIN8nlohmann6detail22input_adapter_protocolELN9__gnu_cxx12_Lock_policyE2EEC2ERKS5_
FNDA:1,_ZNSt12__shared_ptrIN8nlohmann6detail20input_stream_adapterELN9__gnu_cxx12_Lock_policyE2EED2Ev
FNDA:3,_ZNSt12__shared_ptrIN8nlohmann6detail22input_adapter_protocolELN9__gnu_cxx12_Lock_policyE2EED2Ev
FNDA:1,_ZNSt12__shared_ptrIN8nlohmann6detail22input_adapter_protocolELN9__gnu_cxx12_Lock_policyE2EEC2EOS5_
FNDA:1,_ZNSt12__shared_ptrIN8nlohmann6detail22input_adapter_protocolELN9__gnu_cxx12_Lock_policyE2EEC2INS1_20input_stream_adapterEvEEOS_IT_LS4_2EE
FNDA:986782,_ZNKSt12__shared_ptrIN8nlohmann6detail22input_adapter_protocolELN9__gnu_cxx12_Lock_policyE2EE3getEv
FNDA:1,_ZNSt12__shared_ptrIN8nlohmann6detail20input_stream_adapterELN9__gnu_cxx12_Lock_policyE2EEC2ISaIS2_EJRSiEEESt19_Sp_make_shared_tagRKT_DpOT0_
FNDA:1,_ZNSt12__shared_ptrIN8nlohmann6detail20input_stream_adapterELN9__gnu_cxx12_Lock_policyE2EE31_M_enable_shared_from_this_withIS2_S2_EENSt9enable_ifIXntsrNS5_15__has_esft_baseIT0_vEE5valueEvE4typeEPT_
FNF:35
FNH:32
DA:116,1
DA:117,1
DA:120,1
DA:121,1
DA:130,0
DA:131,0
DA:137,1
DA:138,1
DA:147,2
DA:151,2
DA:154,1
DA:166,2
DA:167,1
DA:170,1
DA:173,2
DA:411,1
DA:413,1
DA:417,2
DA:505,1
DA:510,1
DA:512,2
DA:521,1
DA:522,1
DA:526,1
DA:528,1
DA:530,1
DA:533,1
DA:535,1
DA:536,1
DA:540,1
DA:542,2
DA:543,2
DA:544,1
DA:545,1
DA:549,1
DA:552,1
DA:553,1
DA:555,0
DA:559,3
DA:575,2
DA:576,2
DA:629,1
DA:631,1
DA:634,2
DA:635,2
DA:636,1
DA:637,1
DA:639,1
DA:640,1
DA:641,1
DA:681,4
DA:683,4
DA:684,2
DA:685,4
DA:687,1
DA:688,1
DA:690,1
DA:691,1
DA:692,1
DA:710,2
DA:712,2
DA:713,2
DA:714,2
DA:715,2
DA:726,1
DA:727,1
DA:966,986782
DA:969,986782
DA:974,986782
DA:975,986782
DA:1121,1
DA:1123,4
DA:1130,1
DA:1131,1
DA:1133,1
DA:1134,1
DA:1135,1
DA:1138,1
DA:1139,1
DA:1141,1
DA:1142,1
DA:1143,1
DA:1257,986782
DA:1258,986782
DA:1292,1
DA:1295,1
DA:1299,1
DA:1300,1
DA:1301,1
DA:1302,1
DA:1378,1
DA:1379,1
LF:92
LH:89
end_of_record
SF:/usr/include/c++/7/bits/std_function.h
FN:271,_ZNSt14_Function_baseC2Ev
FN:273,_ZNSt14_Function_baseD2Ev
FN:279,_ZNKSt14_Function_base8_M_emptyEv
FN:389,_ZNSt8functionIFbiN8nlohmann6detail6parserINS0_10basic_jsonISt3mapSt6vectorNSt7__cxx1112basic_stringIcSt11char_traitsIcESaIcEEEblmdSaNS0_14adl_serializerEEEE13parse_event_tERSD_EED2Ev
FN:421,_ZNSt8functionIFbiN8nlohmann6detail6parserINS0_10basic_jsonISt3mapSt6vectorNSt7__cxx1112basic_stringIcSt11char_traitsIcESaIcEEEblmdSaNS0_14adl_serializerEEEE13parse_event_tERSD_EEC2EDn
FN:582,_ZNKSt8functionIFbiN8nlohmann6detail6parserINS0_10basic_jsonISt3mapSt6vectorNSt7__cxx1112basic_stringIcSt11char_traitsIcESaIcEEEblmdSaNS0_14adl_serializerEEEE13parse_event_tERSD_EEcvbEv
FN:671,_ZNSt8functionIFbiN8nlohmann6detail6parserINS0_10basic_jsonISt3mapSt6vectorNSt7__cxx1112basic_stringIcSt11char_traitsIcESaIcEEEblmdSaNS0_14adl_serializerEEEE13parse_event_tERSD_EEC2ERKSI_
FN:701,_ZNKSt8functionIFbiN8nlohmann6detail6parserINS0_10basic_jsonISt3mapSt6vectorNSt7__cxx1112basic_stringIcSt11char_traitsIcESaIcEEEblmdSaNS0_14adl_serializerEEEE13parse_event_tERSD_EEclEiSF_SG_
FNDA:3,_ZNSt14_Function_baseC2Ev
FNDA:3,_ZNSt14_Function_baseD2Ev
FNDA:3,_ZNKSt14_Function_base8_M_emptyEv
FNDA:3,_ZNSt8functionIFbiN8nlohmann6detail6parserINS0_10basic_jsonISt3mapSt6vectorNSt7__cxx1112basic_stringIcSt11char_traitsIcESaIcEEEblmdSaNS0_14adl_serializerEEEE13parse_event_tERSD_EED2Ev
FNDA:1,_ZNSt8functionIFbiN8nlohmann6detail6parserINS0_10basic_jsonISt3mapSt6vectorNSt7__cxx1112basic_stringIcSt11char_traitsIcESaIcEEEblmdSaNS0_14adl_serializerEEEE13parse_event_tERSD_EEC2EDn
FNDA:3,_ZNKSt8functionIFbiN8nlohmann6detail6parserINS0_10basic_jsonISt3mapSt6vectorNSt7__cxx1112basic_stringIcSt11char_traitsIcESaIcEEEblmdSaNS0_14adl_serializerEEEE13parse_event_tERSD_EEcvbEv
FNDA:2,_ZNSt8functionIFbiN8nlohmann6detail6parserINS0_10basic_jsonISt3mapSt6vectorNSt7__cxx1112basic_stringIcSt11char_traitsIcESaIcEEEblmdSaNS0_14adl_serializerEEEE13parse_event_tERSD_EEC2ERKSI_
FNDA:0,_ZNKSt8functionIFbiN8nlohmann6detail6parserINS0_10basic_jsonISt3mapSt6vectorNSt7__cxx1112basic_stringIcSt11char_traitsIcESaIcEEEblmdSaNS0_14adl_serializerEEEE13parse_event_tERSD_EEclEiSF_SG_
FNF:8
FNH:7
DA:271,3
DA:273,3
DA:274,3
DA:275,3
DA:276,0
DA:277,3
DA:279,3
DA:389,3
DA:421,1
DA:422,1
DA:582,3
DA:583,3
DA:671,2
DA:673,2
DA:675,2
DA:677,0
DA:678,0
DA:679,0
DA:681,2
DA:701,0
DA:704,0
DA:705,0
DA:706,0
LF:23
LH:15
end_of_record
SF:/usr/include/c++/7/bits/stl_algobase.h
FN:219,_ZSt3maxImERKT_S2_S2_
FN:277,_ZSt12__niter_baseIPdET_S1_
FN:277,_ZSt12__niter_baseISt13_Bit_iteratorET_S1_
FN:277,_ZSt12__niter_baseIPcET_S1_
FN:277,_ZSt12__niter_baseISt19_Bit_const_iteratorET_S1_
FN:277,_ZSt12__niter_baseIPPN8nlohmann10basic_jsonISt3mapSt6vectorNSt7__cxx1112basic_stringIcSt11char_traitsIcESaIcEEEblmdSaNS0_14adl_serializerEEEET_SE_
FN:277,_ZSt12__niter_baseIPmET_S1_
FN:277,_ZSt12__niter_baseIPP6sensorET_S3_
FN:319,_ZNSt11__copy_moveILb0ELb0ESt26random_access_iterator_tagE8__copy_mISt13_Bit_iteratorS3_EET0_T_S5_S4_
FN:319,_ZNSt11__copy_moveILb0ELb0ESt26random_access_iterator_tagE8__copy_mISt19_Bit_const_iteratorSt13_Bit_iteratorEET0_T_S6_S5_
FN:338,_ZNSt11__copy_moveILb1ELb0ESt26random_access_iterator_tagE8__copy_mIPN8nlohmann10basic_jsonISt3mapSt6vectorNSt7__cxx1112basic_stringIcSt11char_traitsIcESaIcEEEblmdSaNS3_14adl_serializerEEESF_EET0_T_SH_SG_
FN:357,_ZNSt11__copy_moveILb0ELb1ESt26random_access_iterator_tagE8__copy_mIdEEPT_PKS3_S6_S4_
FN:357,_ZNSt11__copy_moveILb0ELb1ESt26random_access_iterator_tagE8__copy_mIP6sensorEEPT_PKS5_S8_S6_
FN:357,_ZNSt11__copy_moveILb1ELb1ESt26random_access_iterator_tagE8__copy_mIPN8nlohmann10basic_jsonISt3mapSt6vectorNSt7__cxx1112basic_stringIcSt11char_traitsIcESaIcEEEblmdSaNS3_14adl_serializerEEEEEPT_PKSG_SJ_SH_
FN:357,_ZNSt11__copy_moveILb0ELb1ESt26random_access_iterator_tagE8__copy_mImEEPT_PKS3_S6_S4_
FN:357,_ZNSt11__copy_moveILb1ELb1ESt26random_access_iterator_tagE8__copy_mIcEEPT_PKS3_S6_S4_
FN:375,_ZSt13__copy_move_aILb0EPKP6sensorPS1_ET1_T0_S6_S5_
FN:375,_ZSt13__copy_move_aILb0EPKdPdET1_T0_S4_S3_
FN:375,_ZSt13__copy_move_aILb0ESt13_Bit_iteratorS0_ET1_T0_S2_S1_
FN:375,_ZSt13__copy_move_aILb0EPmS0_ET1_T0_S2_S1_
FN:375,_ZSt13__copy_move_aILb1EPcS0_ET1_T0_S2_S1_
FN:375,_ZSt13__copy_move_aILb1EPPN8nlohmann10basic_jsonISt3mapSt6vectorNSt7__cxx1112basic_stringIcSt11char_traitsIcESaIcEEEblmdSaNS0_14adl_serializerEEESD_ET1_T0_SF_SE_
FN:375,_ZSt13__copy_move_aILb1EPN8nlohmann10basic_jsonISt3mapSt6vectorNSt7__cxx1112basic_stringIcSt11char_traitsIcESaIcEEEblmdSaNS0_14adl_serializerEEESC_ET1_T0_SE_SD_
FN:375,_ZSt13__copy_move_aILb0ESt19_Bit_const_iteratorSt13_Bit_iteratorET1_T0_S3_S2_
FN:420,_ZSt14__copy_move_a2ILb0EPmS0_ET1_T0_S2_S1_
FN:420,_ZSt14__copy_move_a2ILb0EN9__gnu_cxx17__normal_iteratorIPKdSt6vectorIdSaIdEEEEPdET1_T0_SA_S9_
FN:420,_ZSt14__copy_move_a2ILb1EPPN8nlohmann10basic_jsonISt3mapSt6vectorNSt7__cxx1112basic_stringIcSt11char_traitsIcESaIcEEEblmdSaNS0_14adl_serializerEEESD_ET1_T0_SF_SE_
FN:420,_ZSt14__copy_move_a2ILb0EN9__gnu_cxx17__normal_iteratorIPKP6sensorSt6vectorIS3_SaIS3_EEEEPS3_ET1_T0_SC_SB_
FN:420,_ZSt14__copy_move_a2ILb0ESt19_Bit_const_iteratorSt13_Bit_iteratorET1_T0_S3_S2_
FN:420,_ZSt14__copy_move_a2ILb1EPcS0_ET1_T0_S2_S1_
FN:420,_ZSt14__copy_move_a2ILb0ESt13_Bit_iteratorS0_ET1_T0_S2_S1_
FN:420,_ZSt14__copy_move_a2ILb1EN9__gnu_cxx17__normal_iteratorIPN8nlohmann10basic_jsonISt3mapSt6vectorNSt7__cxx1112basic_stringIcSt11char_traitsIcESaIcEEEblmdSaNS2_14adl_serializerEEES5_ISD_SaISD_EEEESH_ET1_T0_SJ_SI_
FN:446,_ZSt4copyISt13move_iteratorIPPN8nlohmann10basic_jsonISt3mapSt6vectorNSt7__cxx1112basic_stringIcSt11char_traitsIcESaIcEEEblmdSaNS1_14adl_serializerEEEESE_ET0_T_SH_SG_
FN:446,_ZSt4copyIPmS0_ET0_T_S2_S1_
FN:446,_ZSt4copyISt19_Bit_const_iteratorSt13_Bit_iteratorET0_T_S3_S2_
FN:446,_ZSt4copyISt13_Bit_iteratorS0_ET0_T_S2_S1_
FN:446,_ZSt4copyIN9__gnu_cxx17__normal_iteratorIPKdSt6vectorIdSaIdEEEEPdET0_T_SA_S9_
FN:446,_ZSt4copyISt13move_iteratorIPcES1_ET0_T_S4_S3_
FN:446,_ZSt4copyIN9__gnu_cxx17__normal_iteratorIPKP6sensorSt6vectorIS3_SaIS3_EEEEPS3_ET0_T_SC_SB_
FN:479,_ZSt4moveIN9__gnu_cxx17__normal_iteratorIPN8nlohmann10basic_jsonISt3mapSt6vectorNSt7__cxx1112basic_stringIcSt11char_traitsIcESaIcEEEblmdSaNS2_14adl_serializerEEES5_ISD_SaISD_EEEESH_ET0_T_SJ_SI_
FN:529,_ZNSt20__copy_move_backwardILb0ELb0ESt26random_access_iterator_tagE13__copy_move_bISt13_Bit_iteratorS3_EET0_T_S5_S4_
FN:577,_ZSt22__copy_move_backward_aILb0ESt13_Bit_iteratorS0_ET1_T0_S2_S1_
FN:595,_ZSt23__copy_move_backward_a2ILb0ESt13_Bit_iteratorS0_ET1_T0_S2_S1_
FN:622,_ZSt13copy_backwardISt13_Bit_iteratorS0_ET0_T_S2_S1_
FNDA:0,_ZSt3maxImERKT_S2_S2_
FNDA:12,_ZSt12__niter_baseIPPN8nlohmann10basic_jsonISt3mapSt6vectorNSt7__cxx1112basic_stringIcSt11char_traitsIcESaIcEEEblmdSaNS0_14adl_serializerEEEET_SE_
FNDA:42,_ZSt12__niter_baseIPcET_S1_
FNDA:0,_ZSt12__niter_baseIPdET_S1_
FNDA:2,_ZSt12__niter_baseISt19_Bit_const_iteratorET_S1_
FNDA:4,_ZSt12__niter_baseISt13_Bit_iteratorET_S1_
FNDA:0,_ZSt12__niter_baseIPP6sensorET_S3_
FNDA:3,_ZSt12__niter_baseIPmET_S1_
FNDA:1,_ZNSt11__copy_moveILb0ELb0ESt26random_access_iterator_tagE8__copy_mISt19_Bit_const_iteratorSt13_Bit_iteratorEET0_T_S6_S5_
FNDA:1,_ZNSt11__copy_moveILb0ELb0ESt26random_access_iterator_tagE8__copy_mISt13_Bit_iteratorS3_EET0_T_S5_S4_
FNDA:0,_ZNSt11__copy_moveILb1ELb0ESt26random_access_iterator_tagE8__copy_mIPN8nlohmann10basic_jsonISt3mapSt6vectorNSt7__cxx1112basic_stringIcSt11char_traitsIcESaIcEEEblmdSaNS3_14adl_serializerEEESF_EET0_T_SH_SG_
FNDA:4,_ZNSt11__copy_moveILb1ELb1ESt26random_access_iterator_tagE8__copy_mIPN8nlohmann10basic_jsonISt3mapSt6vectorNSt7__cxx1112basic_stringIcSt11char_traitsIcESaIcEEEblmdSaNS3_14adl_serializerEEEEEPT_PKSG_SJ_SH_
FNDA:14,_ZNSt11__copy_moveILb1ELb1ESt26random_access_iterator_tagE8__copy_mIcEEPT_PKS3_S6_S4_
FNDA:5,_ZNSt11__copy_moveILb0ELb1ESt26random_access_iterator_tagE8__copy_mIdEEPT_PKS3_S6_S4_
FNDA:1,_ZNSt11__copy_moveILb0ELb1ESt26random_access_iterator_tagE8__copy_mImEEPT_PKS3_S6_S4_
FNDA:7,_ZNSt11__copy_moveILb0ELb1ESt26random_access_iterator_tagE8__copy_mIP6sensorEEPT_PKS5_S8_S6_
FNDA:4,_ZSt13__copy_move_aILb1EPPN8nlohmann10basic_jsonISt3mapSt6vectorNSt7__cxx1112basic_stringIcSt11char_traitsIcESaIcEEEblmdSaNS0_14adl_serializerEEESD_ET1_T0_SF_SE_
FNDA:0,_ZSt13__copy_move_aILb1EPN8nlohmann10basic_jsonISt3mapSt6vectorNSt7__cxx1112basic_stringIcSt11char_traitsIcESaIcEEEblmdSaNS0_14adl_serializerEEESC_ET1_T0_SE_SD_
FNDA:14,_ZSt13__copy_move_aILb1EPcS0_ET1_T0_S2_S1_
FNDA:5,_ZSt13__copy_move_aILb0EPKdPdET1_T0_S4_S3_
FNDA:1,_ZSt13__copy_move_aILb0ESt19_Bit_const_iteratorSt13_Bit_iteratorET1_T0_S3_S2_
FNDA:1,_ZSt13__copy_move_aILb0EPmS0_ET1_T0_S2_S1_
FNDA:1,_ZSt13__copy_move_aILb0ESt13_Bit_iteratorS0_ET1_T0_S2_S1_
FNDA:7,_ZSt13__copy_move_aILb0EPKP6sensorPS1_ET1_T0_S6_S5_
FNDA:4,_ZSt14__copy_move_a2ILb1EPPN8nlohmann10basic_jsonISt3mapSt6vectorNSt7__cxx1112basic_stringIcSt11char_traitsIcESaIcEEEblmdSaNS0_14adl_serializerEEESD_ET1_T0_SF_SE_
FNDA:0,_ZSt14__copy_move_a2ILb1EN9__gnu_cxx17__normal_iteratorIPN8nlohmann10basic_jsonISt3mapSt6vectorNSt7__cxx1112basic_stringIcSt11char_traitsIcESaIcEEEblmdSaNS2_14adl_serializerEEES5_ISD_SaISD_EEEESH_ET1_T0_SJ_SI_
FNDA:14,_ZSt14__copy_move_a2ILb1EPcS0_ET1_T0_S2_S1_
FNDA:5,_ZSt14__copy_move_a2ILb0EN9__gnu_cxx17__normal_iteratorIPKdSt6vectorIdSaIdEEEEPdET1_T0_SA_S9_
FNDA:1,_ZSt14__copy_move_a2ILb0ESt19_Bit_const_iteratorSt13_Bit_iteratorET1_T0_S3_S2_
FNDA:1,_ZSt14__copy_move_a2ILb0EPmS0_ET1_T0_S2_S1_
FNDA:1,_ZSt14__copy_move_a2ILb0ESt13_Bit_iteratorS0_ET1_T0_S2_S1_
FNDA:7,_ZSt14__copy_move_a2ILb0EN9__gnu_cxx17__normal_iteratorIPKP6sensorSt6vectorIS3_SaIS3_EEEEPS3_ET1_T0_SC_SB_
FNDA:4,_ZSt4copyISt13move_iteratorIPPN8nlohmann10basic_jsonISt3mapSt6vectorNSt7__cxx1112basic_stringIcSt11char_traitsIcESaIcEEEblmdSaNS1_14adl_serializerEEEESE_ET0_T_SH_SG_
FNDA:14,_ZSt4copyISt13move_iteratorIPcES1_ET0_T_S4_S3_
FNDA:5,_ZSt4copyIN9__gnu_cxx17__normal_iteratorIPKdSt6vectorIdSaIdEEEEPdET0_T_SA_S9_
FNDA:1,_ZSt4copyISt19_Bit_const_iteratorSt13_Bit_iteratorET0_T_S3_S2_
FNDA:1,_ZSt4copyIPmS0_ET0_T_S2_S1_
FNDA:1,_ZSt4copyISt13_Bit_iteratorS0_ET0_T_S2_S1_
FNDA:7,_ZSt4copyIN9__gnu_cxx17__normal_iteratorIPKP6sensorSt6vectorIS3_SaIS3_EEEEPS3_ET0_T_SC_SB_
FNDA:0,_ZSt4moveIN9__gnu_cxx17__normal_iteratorIPN8nlohmann10basic_jsonISt3mapSt6vectorNSt7__cxx1112basic_stringIcSt11char_traitsIcESaIcEEEblmdSaNS2_14adl_serializerEEES5_ISD_SaISD_EEEESH_ET0_T_SJ_SI_
FNDA:0,_ZNSt20__copy_move_backwardILb0ELb0ESt26random_access_iterator_tagE13__copy_move_bISt13_Bit_iteratorS3_EET0_T_S5_S4_
FNDA:0,_ZSt22__copy_move_backward_aILb0ESt13_Bit_iteratorS0_ET1_T0_S2_S1_
FNDA:0,_ZSt23__copy_move_backward_a2ILb0ESt13_Bit_iteratorS0_ET1_T0_S2_S1_
FNDA:0,_ZSt13copy_backwardISt13_Bit_iteratorS0_ET0_T_S2_S1_
FNF:44
FNH:33
DA:219,0
DA:224,0
DA:225,0
DA:226,0
DA:277,63
DA:278,63
DA:319,2
DA:322,2
DA:324,0
DA:325,0
DA:326,0
DA:328,2
DA:338,0
DA:341,0
DA:343,0
DA:344,0
DA:345,0
DA:347,0
DA:357,31
DA:366,31
DA:367,31
DA:368,19
DA:369,31
DA:375,33
DA:380,33
DA:386,33
DA:420,33
DA:422,33
DA:424,33
DA:446,33
DA:455,33
DA:456,33
DA:479,0
DA:487,0
DA:488,0
DA:529,0
DA:532,0
DA:533,0
DA:534,0
DA:577,0
DA:582,0
DA:590,0
DA:595,0
DA:598,0
DA:599,0
DA:622,0
DA:633,0
DA:634,0
LF:48
LH:19
end_of_record
SF:/usr/include/c++/7/bits/stl_bvector.h
FN:75,_ZNSt14_Bit_referenceC2EPmm
FN:80,_ZNKSt14_Bit_referencecvbEv
FN:84,_ZNSt14_Bit_referenceaSEb
FN:94,_ZNSt14_Bit_referenceaSERKS_
FN:142,_ZNSt18_Bit_iterator_baseC2EPmj
FN:146,_ZNSt18_Bit_iterator_base10_M_bump_upEv
FN:156,_ZNSt18_Bit_iterator_base12_M_bump_downEv
FN:166,_ZNSt18_Bit_iterator_base7_M_incrEl
FN:180,_ZNKSt18_Bit_iterator_baseeqERKS_
FN:208,_ZStmiRKSt18_Bit_iterator_baseS1_
FN:220,_ZNSt13_Bit_iteratorC2Ev
FN:222,_ZNSt13_Bit_iteratorC2EPmj
FN:230,_ZNKSt13_Bit_iteratordeEv
FN:234,_ZNSt13_Bit_iteratorppEv
FN:241,_ZNSt13_Bit_iteratorppEi
FN:249,_ZNSt13_Bit_iteratormmEv
FN:264,_ZNSt13_Bit_iteratorpLEl
FN:271,_ZNSt13_Bit_iteratormIEl
FN:278,_ZNKSt13_Bit_iteratorplEl
FN:285,_ZNKSt13_Bit_iteratormiEl
FN:309,_ZNSt19_Bit_const_iteratorC2EPmj
FN:312,_ZNSt19_Bit_const_iteratorC2ERKSt13_Bit_iterator
FN:320,_ZNKSt19_Bit_const_iteratordeEv
FN:324,_ZNSt19_Bit_const_iteratorppEv
FN:419,_ZNSt13_Bvector_baseISaIbEE13_Bvector_implD2Ev
FN:426,_ZNSt13_Bvector_baseISaIbEE13_Bvector_implC2Ev
FN:442,_ZNKSt13_Bvector_baseISaIbEE13_Bvector_impl11_M_end_addrEv
FN:458,_ZNKSt13_Bvector_baseISaIbEE20_M_get_Bit_allocatorEv
FN:465,_ZNSt13_Bvector_baseISaIbEEC2Ev
FN:484,_ZNSt13_Bvector_baseISaIbEED2Ev
FN:491,_ZNSt13_Bvector_baseISaIbEE11_M_allocateEm
FN:495,_ZNSt13_Bvector_baseISaIbEE13_M_deallocateEv
FN:509,_ZNSt13_Bvector_baseISaIbEE8_S_nwordEm
FN:577,_ZNSt6vectorIbSaIbEEC2Ev
FN:679,_ZNSt6vectorIbSaIbEED2Ev
FN:781,_ZNSt6vectorIbSaIbEE5beginEv
FN:785,_ZNKSt6vectorIbSaIbEE5beginEv
FN:789,_ZNSt6vectorIbSaIbEE3endEv
FN:793,_ZNKSt6vectorIbSaIbEE3endEv
FN:831,_ZNKSt6vectorIbSaIbEE4sizeEv
FN:835,_ZNKSt6vectorIbSaIbEE8max_sizeEv
FN:852,_ZNKSt6vectorIbSaIbEE5emptyEv
FN:907,_ZNSt6vectorIbSaIbEE4backEv
FN:923,_ZNSt6vectorIbSaIbEE9push_backEb
FN:1011,_ZNSt6vectorIbSaIbEE8pop_backEv
FN:1081,_ZNSt6vectorIbSaIbEE15_M_copy_alignedESt19_Bit_const_iteratorS2_St13_Bit_iterator
FN:1248,_ZNKSt6vectorIbSaIbEE12_M_check_lenEmPKc
FNDA:27622,_ZNSt14_Bit_referenceC2EPmm
FNDA:26784,_ZNKSt14_Bit_referencecvbEv
FNDA:838,_ZNSt14_Bit_referenceaSEb
FNDA:0,_ZNSt14_Bit_referenceaSERKS_
FNDA:55262,_ZNSt18_Bit_iterator_baseC2EPmj
FNDA:838,_ZNSt18_Bit_iterator_base10_M_bump_upEv
FNDA:838,_ZNSt18_Bit_iterator_base12_M_bump_downEv
FNDA:26784,_ZNSt18_Bit_iterator_base7_M_incrEl
FNDA:27623,_ZNKSt18_Bit_iterator_baseeqERKS_
FNDA:6,_ZStmiRKSt18_Bit_iterator_baseS1_
FNDA:3,_ZNSt13_Bit_iteratorC2Ev
FNDA:2,_ZNSt13_Bit_iteratorC2EPmj
FNDA:27622,_ZNKSt13_Bit_iteratordeEv
FNDA:0,_ZNSt13_Bit_iteratorppEv
FNDA:838,_ZNSt13_Bit_iteratorppEi
FNDA:838,_ZNSt13_Bit_iteratormmEv
FNDA:26784,_ZNSt13_Bit_iteratorpLEl
FNDA:26784,_ZNSt13_Bit_iteratormIEl
FNDA:0,_ZNKSt13_Bit_iteratorplEl
FNDA:26784,_ZNKSt13_Bit_iteratormiEl
FNDA:1,_ZNSt19_Bit_const_iteratorC2EPmj
FNDA:55256,_ZNSt19_Bit_const_iteratorC2ERKSt13_Bit_iterator
FNDA:0,_ZNKSt19_Bit_const_iteratordeEv
FNDA:0,_ZNSt19_Bit_const_iteratorppEv
FNDA:1,_ZNSt13_Bvector_baseISaIbEE13_Bvector_implD2Ev
FNDA:1,_ZNSt13_Bvector_baseISaIbEE13_Bvector_implC2Ev
FNDA:840,_ZNKSt13_Bvector_baseISaIbEE13_Bvector_impl11_M_end_addrEv
FNDA:2,_ZNKSt13_Bvector_baseISaIbEE20_M_get_Bit_allocatorEv
FNDA:1,_ZNSt13_Bvector_baseISaIbEEC2Ev
FNDA:1,_ZNSt13_Bvector_baseISaIbEED2Ev
FNDA:1,_ZNSt13_Bvector_baseISaIbEE11_M_allocateEm
FNDA:2,_ZNSt13_Bvector_baseISaIbEE13_M_deallocateEv
FNDA:2,_ZNSt13_Bvector_baseISaIbEE8_S_nwordEm
FNDA:1,_ZNSt6vectorIbSaIbEEC2Ev
FNDA:1,_ZNSt6vectorIbSaIbEED2Ev
FNDA:1,_ZNSt6vectorIbSaIbEE5beginEv
FNDA:27627,_ZNKSt6vectorIbSaIbEE5beginEv
FNDA:26786,_ZNSt6vectorIbSaIbEE3endEv
FNDA:27627,_ZNKSt6vectorIbSaIbEE3endEv
FNDA:4,_ZNKSt6vectorIbSaIbEE4sizeEv
FNDA:2,_ZNKSt6vectorIbSaIbEE8max_sizeEv
FNDA:27623,_ZNKSt6vectorIbSaIbEE5emptyEv
FNDA:26784,_ZNSt6vectorIbSaIbEE4backEv
FNDA:838,_ZNSt6vectorIbSaIbEE9push_backEb
FNDA:838,_ZNSt6vectorIbSaIbEE8pop_backEv
FNDA:1,_ZNSt6vectorIbSaIbEE15_M_copy_alignedESt19_Bit_const_iteratorS2_St13_Bit_iterator
FNDA:1,_ZNKSt6vectorIbSaIbEE12_M_check_lenEmPKc
FNF:47
FNH:42
DA:75,27622
DA:76,27622
DA:80,26784
DA:81,26784
DA:84,838
DA:86,838
DA:87,1
DA:89,837
DA:90,838
DA:94,0
DA:95,0
DA:142,55262
DA:143,55262
DA:146,838
DA:148,838
DA:150,0
DA:151,0
DA:153,838
DA:156,838
DA:158,838
DA:160,0
DA:161,0
DA:163,838
DA:166,26784
DA:168,26784
DA:169,26784
DA:170,26784
DA:171,26784
DA:173,0
DA:174,0
DA:176,26784
DA:177,26784
DA:180,27623
DA:181,27623
DA:208,6
DA:210,6
DA:211,6
DA:220,3
DA:222,2
DA:223,2
DA:230,27622
DA:231,27622
DA:234,0
DA:236,0
DA:237,0
DA:241,838
DA:243,838
DA:244,838
DA:245,838
DA:249,838
DA:251,838
DA:252,838
DA:264,26784
DA:266,26784
DA:267,26784
DA:271,26784
DA:273,26784
DA:274,26784
DA:278,0
DA:280,0
DA:281,0
DA:285,26784
DA:287,26784
DA:288,26784
DA:309,1
DA:310,1
DA:312,55256
DA:313,55256
DA:320,0
DA:321,0
DA:324,0
DA:326,0
DA:327,0
DA:419,1
DA:426,1
DA:427,1
DA:428,1
DA:442,840
DA:444,840
DA:445,838
DA:446,2
DA:458,2
DA:459,2
DA:465,1
DA:466,1
DA:484,1
DA:485,1
DA:491,1
DA:492,1
DA:495,2
DA:497,2
DA:499,1
DA:500,1
DA:501,1
DA:503,1
DA:504,1
DA:506,2
DA:509,2
DA:510,2
DA:577,1
DA:581,1
DA:679,1
DA:781,1
DA:782,1
DA:785,27627
DA:786,27627
DA:789,26786
DA:790,26786
DA:793,27627
DA:794,27627
DA:831,4
DA:832,4
DA:835,2
DA:837,2
DA:840,2
DA:841,2
DA:843,2
DA:852,27623
DA:853,27623
DA:907,26784
DA:908,26784
DA:923,838
DA:925,838
DA:926,837
DA:928,1
DA:929,838
DA:1011,838
DA:1012,838
DA:1081,1
DA:1084,1
DA:1085,2
DA:1086,2
DA:1248,1
DA:1250,1
DA:1251,0
DA:1253,1
DA:1254,1
LF:137
LH:117
end_of_record
SF:/usr/include/c++/7/bits/stl_construct.h
FN:74,_ZSt10_ConstructIN8nlohmann10basic_jsonISt3mapSt6vectorNSt7__cxx1112basic_stringIcSt11char_traitsIcESaIcEEEblmdSaNS0_14adl_serializerEEEJSB_EEvPT_DpOT0_
FN:74,_ZSt10_ConstructIN8nlohmann10basic_jsonISt3mapSt6vectorNSt7__cxx1112basic_stringIcSt11char_traitsIcESaIcEEEblmdSaNS0_14adl_serializerEEEJRKSB_EEvPT_DpOT0_
FN:74,_ZSt10_ConstructISt6vectorIdSaIdEEJRKS2_EEvPT_DpOT0_
FN:74,_ZSt10_ConstructISt6vectorIdSaIdEEJS2_EEvPT_DpOT0_
FN:97,_ZSt8_DestroyIN8nlohmann10basic_jsonISt3mapSt6vectorNSt7__cxx1112basic_stringIcSt11char_traitsIcESaIcEEEblmdSaNS0_14adl_serializerEEEEvPT_
FN:97,_ZSt8_DestroyISt6vectorIdSaIdEEEvPT_
FN:105,_ZNSt12_Destroy_auxILb0EE9__destroyIPN8nlohmann10basic_jsonISt3mapSt6vectorNSt7__cxx1112basic_stringIcSt11char_traitsIcESaIcEEEblmdSaNS2_14adl_serializerEEEEEvT_SF_
FN:105,_ZNSt12_Destroy_auxILb0EE9__destroyIPSt6vectorIdSaIdEEEEvT_S6_
FN:117,_ZNSt12_Destroy_auxILb1EE9__destroyIPPN8nlohmann10basic_jsonISt3mapSt6vectorNSt7__cxx1112basic_stringIcSt11char_traitsIcESaIcEEEblmdSaNS2_14adl_serializerEEEEEvT_SG_
FN:117,_ZNSt12_Destroy_auxILb1EE9__destroyIPP6sensorEEvT_S5_
FN:117,_ZNSt12_Destroy_auxILb1EE9__destroyIPcEEvT_S3_
FN:117,_ZNSt12_Destroy_auxILb1EE9__destroyIPdEEvT_S3_
FN:127,_ZSt8_DestroyIPN8nlohmann10basic_jsonISt3mapSt6vectorNSt7__cxx1112basic_stringIcSt11char_traitsIcESaIcEEEblmdSaNS0_14adl_serializerEEEEvT_SD_
FN:127,_ZSt8_DestroyIPcEvT_S1_
FN:127,_ZSt8_DestroyIPP6sensorEvT_S3_
FN:127,_ZSt8_DestroyIPSt6vectorIdSaIdEEEvT_S4_
FN:127,_ZSt8_DestroyIPPN8nlohmann10basic_jsonISt3mapSt6vectorNSt7__cxx1112basic_stringIcSt11char_traitsIcESaIcEEEblmdSaNS0_14adl_serializerEEEEvT_SE_
FN:127,_ZSt8_DestroyIPdEvT_S1_
FN:203,_ZSt8_DestroyIPddEvT_S1_RSaIT0_E
FN:203,_ZSt8_DestroyIPP6sensorS1_EvT_S3_RSaIT0_E
FN:203,_ZSt8_DestroyIPccEvT_S1_RSaIT0_E
FN:203,_ZSt8_DestroyIPPN8nlohmann10basic_jsonISt3mapSt6vectorNSt7__cxx1112basic_stringIcSt11char_traitsIcESaIcEEEblmdSaNS0_14adl_serializerEEESC_EvT_SE_RSaIT0_E
FN:203,_ZSt8_DestroyIPSt6vectorIdSaIdEES2_EvT_S4_RSaIT0_E
FN:203,_ZSt8_DestroyIPN8nlohmann10basic_jsonISt3mapSt6vectorNSt7__cxx1112basic_stringIcSt11char_traitsIcESaIcEEEblmdSaNS0_14adl_serializerEEESB_EvT_SD_RSaIT0_E
FNDA:1023,_ZSt10_ConstructIN8nlohmann10basic_jsonISt3mapSt6vectorNSt7__cxx1112basic_stringIcSt11char_traitsIcESaIcEEEblmdSaNS0_14adl_serializerEEEJSB_EEvPT_DpOT0_
FNDA:0,_ZSt10_ConstructIN8nlohmann10basic_jsonISt3mapSt6vectorNSt7__cxx1112basic_stringIcSt11char_traitsIcESaIcEEEblmdSaNS0_14adl_serializerEEEJRKSB_EEvPT_DpOT0_
FNDA:7,_ZSt10_ConstructISt6vectorIdSaIdEEJS2_EEvPT_DpOT0_
FNDA:5,_ZSt10_ConstructISt6vectorIdSaIdEEJRKS2_EEvPT_DpOT0_
FNDA:0,_ZSt8_DestroyIN8nlohmann10basic_jsonISt3mapSt6vectorNSt7__cxx1112basic_stringIcSt11char_traitsIcESaIcEEEblmdSaNS0_14adl_serializerEEEEvPT_
FNDA:18,_ZSt8_DestroyISt6vectorIdSaIdEEEvPT_
FNDA:0,_ZNSt12_Destroy_auxILb0EE9__destroyIPN8nlohmann10basic_jsonISt3mapSt6vectorNSt7__cxx1112basic_stringIcSt11char_traitsIcESaIcEEEblmdSaNS2_14adl_serializerEEEEEvT_SF_
FNDA:6,_ZNSt12_Destroy_auxILb0EE9__destroyIPSt6vectorIdSaIdEEEEvT_S6_
FNDA:3,_ZNSt12_Destroy_auxILb1EE9__destroyIPPN8nlohmann10basic_jsonISt3mapSt6vectorNSt7__cxx1112basic_stringIcSt11char_traitsIcESaIcEEEblmdSaNS2_14adl_serializerEEEEEvT_SG_
FNDA:51902,_ZNSt12_Destroy_auxILb1EE9__destroyIPcEEvT_S3_
FNDA:0,_ZNSt12_Destroy_auxILb1EE9__destroyIPdEEvT_S3_
FNDA:0,_ZNSt12_Destroy_auxILb1EE9__destroyIPP6sensorEEvT_S5_
FNDA:0,_ZSt8_DestroyIPN8nlohmann10basic_jsonISt3mapSt6vectorNSt7__cxx1112basic_stringIcSt11char_traitsIcESaIcEEEblmdSaNS0_14adl_serializerEEEEvT_SD_
FNDA:3,_ZSt8_DestroyIPPN8nlohmann10basic_jsonISt3mapSt6vectorNSt7__cxx1112basic_stringIcSt11char_traitsIcESaIcEEEblmdSaNS0_14adl_serializerEEEEvT_SE_
FNDA:51902,_ZSt8_DestroyIPcEvT_S1_
[...]
FN:11831,_ZN8nlohmann10basic_jsonISt3mapSt6vectorNSt7__cxx1112basic_stringIcSt11char_traitsIcESaIcEEEblmdSaNS_14adl_serializerEE10json_valueC2ERKS2_ISA_SaISA_EE
FN:11842,_ZN8nlohmann10basic_jsonISt3mapSt6vectorNSt7__cxx1112basic_stringIcSt11char_traitsIcESaIcEEEblmdSaNS_14adl_serializerEE10json_value7destroyENS_6detail7value_tE
FN:11887,_ZNK8nlohmann10basic_jsonISt3mapSt6vectorNSt7__cxx1112basic_stringIcSt11char_traitsIcESaIcEEEblmdSaNS_14adl_serializerEE16assert_invariantEv
FN:12600,_ZN8nlohmann10basic_jsonISt3mapSt6vectorNSt7__cxx1112basic_stringIcSt11char_traitsIcESaIcEEEblmdSaNS_14adl_serializerEEC2ERKSA_
FN:12753,_ZN8nlohmann10basic_jsonISt3mapSt6vectorNSt7__cxx1112basic_stringIcSt11char_traitsIcESaIcEEEblmdSaNS_14adl_serializerEED2Ev
FN:12957,_ZNK8nlohmann10basic_jsonISt3mapSt6vectorNSt7__cxx1112basic_stringIcSt11char_traitsIcESaIcEEEblmdSaNS_14adl_serializerEE10is_booleanEv
FN:13016,_ZNK8nlohmann10basic_jsonISt3mapSt6vectorNSt7__cxx1112basic_stringIcSt11char_traitsIcESaIcEEEblmdSaNS_14adl_serializerEE17is_number_integerEv
FN:13044,_ZNK8nlohmann10basic_jsonISt3mapSt6vectorNSt7__cxx1112basic_stringIcSt11char_traitsIcESaIcEEEblmdSaNS_14adl_serializerEE18is_number_unsignedEv
FN:13072,_ZNK8nlohmann10basic_jsonISt3mapSt6vectorNSt7__cxx1112basic_stringIcSt11char_traitsIcESaIcEEEblmdSaNS_14adl_serializerEE15is_number_floatEv
FN:13094,_ZNK8nlohmann10basic_jsonISt3mapSt6vectorNSt7__cxx1112basic_stringIcSt11char_traitsIcESaIcEEEblmdSaNS_14adl_serializerEE9is_objectEv
FN:13191,_ZNK8nlohmann10basic_jsonISt3mapSt6vectorNSt7__cxx1112basic_stringIcSt11char_traitsIcESaIcEEEblmdSaNS_14adl_serializerEEcvNS_6detail7value_tEEv
FN:13257,_ZNK8nlohmann10basic_jsonISt3mapSt6vectorNSt7__cxx1112basic_stringIcSt11char_traitsIcESaIcEEEblmdSaNS_14adl_serializerEE12get_impl_ptrEPKb
FN:13269,_ZNK8nlohmann10basic_jsonISt3mapSt6vectorNSt7__cxx1112basic_stringIcSt11char_traitsIcESaIcEEEblmdSaNS_14adl_serializerEE12get_impl_ptrEPKl
FN:13281,_ZNK8nlohmann10basic_jsonISt3mapSt6vectorNSt7__cxx1112basic_stringIcSt11char_traitsIcESaIcEEEblmdSaNS_14adl_serializerEE12get_impl_ptrEPKm
FN:13293,_ZNK8nlohmann10basic_jsonISt3mapSt6vectorNSt7__cxx1112basic_stringIcSt11char_traitsIcESaIcEEEblmdSaNS_14adl_serializerEE12get_impl_ptrEPKd
FN:13418,_ZNK8nlohmann10basic_jsonISt3mapSt6vectorNSt7__cxx1112basic_stringIcSt11char_traitsIcESaIcEEEblmdSaNS_14adl_serializerEE3getIddLi0EEET0_v
FN:13418,_ZNK8nlohmann10basic_jsonISt3mapSt6vectorNSt7__cxx1112basic_stringIcSt11char_traitsIcESaIcEEEblmdSaNS_14adl_serializerEE3getIeeLi0EEET0_v
FN:13580,_ZNK8nlohmann10basic_jsonISt3mapSt6vectorNSt7__cxx1112basic_stringIcSt11char_traitsIcESaIcEEEblmdSaNS_14adl_serializerEE7get_ptrIPKlLi0EEEKT_v
FN:13580,_ZNK8nlohmann10basic_jsonISt3mapSt6vectorNSt7__cxx1112basic_stringIcSt11char_traitsIcESaIcEEEblmdSaNS_14adl_serializerEE7get_ptrIPKdLi0EEEKT_v
FN:13580,_ZNK8nlohmann10basic_jsonISt3mapSt6vectorNSt7__cxx1112basic_stringIcSt11char_traitsIcESaIcEEEblmdSaNS_14adl_serializerEE7get_ptrIPKmLi0EEEKT_v
FN:13580,_ZNK8nlohmann10basic_jsonISt3mapSt6vectorNSt7__cxx1112basic_stringIcSt11char_traitsIcESaIcEEEblmdSaNS_14adl_serializerEE7get_ptrIPKbLi0EEEKT_v
FN:13689,_ZNK8nlohmann10basic_jsonISt3mapSt6vectorNSt7__cxx1112basic_stringIcSt11char_traitsIcESaIcEEEblmdSaNS_14adl_serializerEEcvT_IeLi0EEEv
FN:13689,_ZNK8nlohmann10basic_jsonISt3mapSt6vectorNSt7__cxx1112basic_stringIcSt11char_traitsIcESaIcEEEblmdSaNS_14adl_serializerEEcvT_IdLi0EEEv
FN:14212,_ZNK8nlohmann10basic_jsonISt3mapSt6vectorNSt7__cxx1112basic_stringIcSt11char_traitsIcESaIcEEEblmdSaNS_14adl_serializerEE5valueIeLi0EEET_RKS8_RKSC_
FN:14212,_ZNK8nlohmann10basic_jsonISt3mapSt6vectorNSt7__cxx1112basic_stringIcSt11char_traitsIcESaIcEEEblmdSaNS_14adl_serializerEE5valueIdLi0EEET_RKS8_RKSC_
FN:14741,_ZNK8nlohmann10basic_jsonISt3mapSt6vectorNSt7__cxx1112basic_stringIcSt11char_traitsIcESaIcEEEblmdSaNS_14adl_serializerEE4findIRKS8_EENS_6detail9iter_implIKSA_EEOT_
FN:14815,_ZN8nlohmann10basic_jsonISt3mapSt6vectorNSt7__cxx1112basic_stringIcSt11char_traitsIcESaIcEEEblmdSaNS_14adl_serializerEE5beginEv
FN:14886,_ZN8nlohmann10basic_jsonISt3mapSt6vectorNSt7__cxx1112basic_stringIcSt11char_traitsIcESaIcEEEblmdSaNS_14adl_serializerEE3endEv
FN:14896,_ZNK8nlohmann10basic_jsonISt3mapSt6vectorNSt7__cxx1112basic_stringIcSt11char_traitsIcESaIcEEEblmdSaNS_14adl_serializerEE3endEv
FN:14926,_ZNK8nlohmann10basic_jsonISt3mapSt6vectorNSt7__cxx1112basic_stringIcSt11char_traitsIcESaIcEEEblmdSaNS_14adl_serializerEE4cendEv
FN:17041,_ZNK8nlohmann10basic_jsonISt3mapSt6vectorNSt7__cxx1112basic_stringIcSt11char_traitsIcESaIcEEEblmdSaNS_14adl_serializerEE9type_nameEv
FNDA:0,_ZN8nlohmann6detail9exceptionD0Ev
FNDA:0,_ZN8nlohmann6detail9exceptionD2Ev
FNDA:0,_ZNK8nlohmann6detail9exception4whatEv
FNDA:0,_ZN8nlohmann6detail9exceptionC2EiPKc
FNDA:0,_ZN8nlohmann6detail9exception4nameERKNSt7__cxx1112basic_stringIcSt11char_traitsIcESaIcEEEi
FNDA:0,_ZN8nlohmann6detail16invalid_iteratorD0Ev
FNDA:0,_ZN8nlohmann6detail16invalid_iteratorD2Ev
FNDA:0,_ZN8nlohmann6detail16invalid_iterator6createEiRKNSt7__cxx1112basic_stringIcSt11char_traitsIcESaIcEEE
FNDA:0,_ZN8nlohmann6detail16invalid_iteratorC2EiPKc
FNDA:0,_ZN8nlohmann6detail10type_errorD0Ev
FNDA:0,_ZN8nlohmann6detail10type_errorD2Ev
FNDA:0,_ZN8nlohmann6detail10type_error6createEiRKNSt7__cxx1112basic_stringIcSt11char_traitsIcESaIcEEE
FNDA:0,_ZN8nlohmann6detail10type_errorC2EiPKc
FNDA:837,_ZN8nlohmann6detail20get_arithmetic_valueINS_10basic_jsonISt3mapSt6vectorNSt7__cxx1112basic_stringIcSt11char_traitsIcESaIcEEEblmdSaNS_14adl_serializerEEEdLi0EEEvRKT_RT0_
FNDA:837,_ZN8nlohmann6detail9from_jsonINS_10basic_jsonISt3mapSt6vectorNSt7__cxx1112basic_stringIcSt11char_traitsIcESaIcEEEblmdSaNS_14adl_serializerEEEEEvRKT_RNSD_14number_float_tE
FNDA:8370,_ZN8nlohmann6detail9from_jsonINS_10basic_jsonISt3mapSt6vectorNSt7__cxx1112basic_stringIcSt11char_traitsIcESaIcEEEblmdSaNS_14adl_serializerEEEeLi0EEEvRKT_RT0_
FNDA:837,_ZNK8nlohmann6detail12from_json_fn4callINS_10basic_jsonISt3mapSt6vectorNSt7__cxx1112basic_stringIcSt11char_traitsIcESaIcEEEblmdSaNS_14adl_serializerEEEdEEDTcmcl9from_jsonfp_fp0_Ecvv_EERKT_RT0_NS0_12priority_tagILj1EEE
FNDA:8370,_ZNK8nlohmann6detail12from_json_fn4callINS_10basic_jsonISt3mapSt6vectorNSt7__cxx1112basic_stringIcSt11char_traitsIcESaIcEEEblmdSaNS_14adl_serializerEEEeEEDTcmcl9from_jsonfp_fp0_Ecvv_EERKT_RT0_NS0_12priority_tagILj1EEE
FNDA:837,_ZNK8nlohmann6detail12from_json_fnclINS_10basic_jsonISt3mapSt6vectorNSt7__cxx1112basic_stringIcSt11char_traitsIcESaIcEEEblmdSaNS_14adl_serializerEEEdEEvRKT_RT0_
FNDA:8370,_ZNK8nlohmann6detail12from_json_fnclINS_10basic_jsonISt3mapSt6vectorNSt7__cxx1112basic_stringIcSt11char_traitsIcESaIcEEEblmdSaNS_14adl_serializerEEEeEEvRKT_RT0_
FNDA:18424,_ZN8nlohmann6detail20primitive_iterator_tC2Ev
FNDA:0,_ZN8nlohmann6detail20primitive_iterator_t9set_beginEv
FNDA:0,_ZN8nlohmann6detail20primitive_iterator_t7set_endEv
FNDA:0,_ZNK8nlohmann6detail20primitive_iterator_t8is_beginEv
FNDA:0,_ZN8nlohmann6detaileqENS0_20primitive_iterator_tES1_
FNDA:0,_ZN8nlohmann6detail20primitive_iterator_tppEv
FNDA:18424,_ZN8nlohmann6detail17internal_iteratorINS_10basic_jsonISt3mapSt6vectorNSt7__cxx1112basic_stringIcSt11char_traitsIcESaIcEEEblmdSaNS_14adl_serializerEEEEC2Ev
FNDA:18414,_ZN8nlohmann6detail9iter_implIKNS_10basic_jsonISt3mapSt6vectorNSt7__cxx1112basic_stringIcSt11char_traitsIcESaIcEEEblmdSaNS_14adl_serializerEEEEC2EPSD_
FNDA:10,_ZN8nlohmann6detail9iter_implINS_10basic_jsonISt3mapSt6vectorNSt7__cxx1112basic_stringIcSt11char_traitsIcESaIcEEEblmdSaNS_14adl_serializerEEEEC2EPSC_
FNDA:5,_ZN8nlohmann6detail9iter_implINS_10basic_jsonISt3mapSt6vectorNSt7__cxx1112basic_stringIcSt11char_traitsIcESaIcEEEblmdSaNS_14adl_serializerEEEE9set_beginEv
FNDA:18414,_ZN8nlohmann6detail9iter_implIKNS_10basic_jsonISt3mapSt6vectorNSt7__cxx1112basic_stringIcSt11char_traitsIcESaIcEEEblmdSaNS_14adl_serializerEEEE7set_endEv
FNDA:5,_ZN8nlohmann6detail9iter_implINS_10basic_jsonISt3mapSt6vectorNSt7__cxx1112basic_stringIcSt11char_traitsIcESaIcEEEblmdSaNS_14adl_serializerEEEE7set_endEv
FNDA:9207,_ZNK8nlohmann6detail9iter_implIKNS_10basic_jsonISt3mapSt6vectorNSt7__cxx1112basic_stringIcSt11char_traitsIcESaIcEEEblmdSaNS_14adl_serializerEEEEdeEv
FNDA:4185,_ZNK8nlohmann6detail9iter_implINS_10basic_jsonISt3mapSt6vectorNSt7__cxx1112basic_stringIcSt11char_traitsIcESaIcEEEblmdSaNS_14adl_serializerEEEEdeEv
FNDA:4185,_ZN8nlohmann6detail9iter_implINS_10basic_jsonISt3mapSt6vectorNSt7__cxx1112basic_stringIcSt11char_traitsIcESaIcEEEblmdSaNS_14adl_serializerEEEEppEv
FNDA:9207,_ZNK8nlohmann6detail9iter_implIKNS_10basic_jsonISt3mapSt6vectorNSt7__cxx1112basic_stringIcSt11char_traitsIcESaIcEEEblmdSaNS_14adl_serializerEEEEeqERKSE_
FNDA:4190,_ZNK8nlohmann6detail9iter_implINS_10basic_jsonISt3mapSt6vectorNSt7__cxx1112basic_stringIcSt11char_traitsIcESaIcEEEblmdSaNS_14adl_serializerEEEEeqERKSD_
FNDA:9207,_ZNK8nlohmann6detail9iter_implIKNS_10basic_jsonISt3mapSt6vectorNSt7__cxx1112basic_stringIcSt11char_traitsIcESaIcEEEblmdSaNS_14adl_serializerEEEEneERKSE_
FNDA:4190,_ZNK8nlohmann6detail9iter_implINS_10basic_jsonISt3mapSt6vectorNSt7__cxx1112basic_stringIcSt11char_traitsIcESaIcEEEblmdSaNS_14adl_serializerEEEEneERKSD_
FNDA:837,_ZN8nlohmann14adl_serializerIdvE9from_jsonIRKNS_10basic_jsonISt3mapSt6vectorNSt7__cxx1112basic_stringIcSt11char_traitsIcESaIcEEEblmdSaS0_EEdEEvOT_RT0_
FNDA:8370,_ZN8nlohmann14adl_serializerIevE9from_jsonIRKNS_10basic_jsonISt3mapSt6vectorNSt7__cxx1112basic_stringIcSt11char_traitsIcESaIcEEEblmdSaS0_EEeEEvOT_RT0_
FNDA:18414,_ZN8nlohmann10basic_jsonISt3mapSt6vectorNSt7__cxx1112basic_stringIcSt11char_traitsIcESaIcEEEblmdSaNS_14adl_serializerEE6createIS8_JRKS8_EEEPT_DpOT0_
FNDA:5,_ZN8nlohmann10basic_jsonISt3mapSt6vectorNSt7__cxx1112basic_stringIcSt11char_traitsIcESaIcEEEblmdSaNS_14adl_serializerEE6createIS2_ISA_SaISA_EEJRKSD_EEEPT_DpOT0_
FNDA:8370,_ZN8nlohmann10basic_jsonISt3mapSt6vectorNSt7__cxx1112basic_stringIcSt11char_traitsIcESaIcEEEblmdSaNS_14adl_serializerEE6createIS1_IS8_SA_St4lessIvESaISt4pairIKS8_SA_EEEJRKSI_EEEPT_DpOT0_
FNDA:0,_ZZN8nlohmann10basic_jsonISt3mapSt6vectorNSt7__cxx1112basic_stringIcSt11char_traitsIcESaIcEEEblmdSaNS_14adl_serializerEE6createIS8_JRKS8_EEEPT_DpOT0_ENKUlPS8_E_clESJ_
FNDA:0,_ZZN8nlohmann10basic_jsonISt3mapSt6vectorNSt7__cxx1112basic_stringIcSt11char_traitsIcESaIcEEEblmdSaNS_14adl_serializerEE6createIS2_ISA_SaISA_EEJRKSD_EEEPT_DpOT0_ENKUlPSD_E_clESL_
FNDA:0,_ZZN8nlohmann10basic_jsonISt3mapSt6vectorNSt7__cxx1112basic_stringIcSt11char_traitsIcESaIcEEEblmdSaNS_14adl_serializerEE6createIS1_IS8_SA_St4lessIvESaISt4pairIKS8_SA_EEEJRKSI_EEEPT_DpOT0_ENKUlPSI_E_clESQ_
FNDA:0,_ZN8nlohmann10basic_jsonISt3mapSt6vectorNSt7__cxx1112basic_stringIcSt11char_traitsIcESaIcEEEblmdSaNS_14adl_serializerEE10json_valueC2Eb
FNDA:231,_ZN8nlohmann10basic_jsonISt3mapSt6vectorNSt7__cxx1112basic_stringIcSt11char_traitsIcESaIcEEEblmdSaNS_14adl_serializerEE10json_valueC2El
FNDA:55583,_ZN8nlohmann10basic_jsonISt3mapSt6vectorNSt7__cxx1112basic_stringIcSt11char_traitsIcESaIcEEEblmdSaNS_14adl_serializerEE10json_valueC2Em
FNDA:211189,_ZN8nlohmann10basic_jsonISt3mapSt6vectorNSt7__cxx1112basic_stringIcSt11char_traitsIcESaIcEEEblmdSaNS_14adl_serializerEE10json_valueC2Ed
FNDA:18414,_ZN8nlohmann10basic_jsonISt3mapSt6vectorNSt7__cxx1112basic_stringIcSt11char_traitsIcESaIcEEEblmdSaNS_14adl_serializerEE10json_valueC2ERKS8_
FNDA:8370,_ZN8nlohmann10basic_jsonISt3mapSt6vectorNSt7__cxx1112basic_stringIcSt11char_traitsIcESaIcEEEblmdSaNS_14adl_serializerEE10json_valueC2ERKS1_IS8_SA_St4lessIvESaISt4pairIKS8_SA_EEE
FNDA:5,_ZN8nlohmann10basic_jsonISt3mapSt6vectorNSt7__cxx1112basic_stringIcSt11char_traitsIcESaIcEEEblmdSaNS_14adl_serializerEE10json_valueC2ERKS2_ISA_SaISA_EE
FNDA:321601,_ZN8nlohmann10basic_jsonISt3mapSt6vectorNSt7__cxx1112basic_stringIcSt11char_traitsIcESaIcEEEblmdSaNS_14adl_serializerEE10json_value7destroyENS_6detail7value_tE
FNDA:1015862,_ZNK8nlohmann10basic_jsonISt3mapSt6vectorNSt7__cxx1112basic_stringIcSt11char_traitsIcESaIcEEEblmdSaNS_14adl_serializerEE16assert_invariantEv
FNDA:267845,_ZN8nlohmann10basic_jsonISt3mapSt6vectorNSt7__cxx1112basic_stringIcSt11char_traitsIcESaIcEEEblmdSaNS_14adl_serializerEEC2ERKSA_
FNDA:321601,_ZN8nlohmann10basic_jsonISt3mapSt6vectorNSt7__cxx1112basic_stringIcSt11char_traitsIcESaIcEEEblmdSaNS_14adl_serializerEED2Ev
FNDA:0,_ZNK8nlohmann10basic_jsonISt3mapSt6vectorNSt7__cxx1112basic_stringIcSt11char_traitsIcESaIcEEEblmdSaNS_14adl_serializerEE10is_booleanEv
FNDA:9,_ZNK8nlohmann10basic_jsonISt3mapSt6vectorNSt7__cxx1112basic_stringIcSt11char_traitsIcESaIcEEEblmdSaNS_14adl_serializerEE17is_number_integerEv
FNDA:857,_ZNK8nlohmann10basic_jsonISt3mapSt6vectorNSt7__cxx1112basic_stringIcSt11char_traitsIcESaIcEEEblmdSaNS_14adl_serializerEE18is_number_unsignedEv
FNDA:8341,_ZNK8nlohmann10basic_jsonISt3mapSt6vectorNSt7__cxx1112basic_stringIcSt11char_traitsIcESaIcEEEblmdSaNS_14adl_serializerEE15is_number_floatEv
FNDA:44361,_ZNK8nlohmann10basic_jsonISt3mapSt6vectorNSt7__cxx1112basic_stringIcSt11char_traitsIcESaIcEEEblmdSaNS_14adl_serializerEE9is_objectEv
FNDA:9207,_ZNK8nlohmann10basic_jsonISt3mapSt6vectorNSt7__cxx1112basic_stringIcSt11char_traitsIcESaIcEEEblmdSaNS_14adl_serializerEEcvNS_6detail7value_tEEv
FNDA:0,_ZNK8nlohmann10basic_jsonISt3mapSt6vectorNSt7__cxx1112basic_stringIcSt11char_traitsIcESaIcEEEblmdSaNS_14adl_serializerEE12get_impl_ptrEPKb
FNDA:9,_ZNK8nlohmann10basic_jsonISt3mapSt6vectorNSt7__cxx1112basic_stringIcSt11char_traitsIcESaIcEEEblmdSaNS_14adl_serializerEE12get_impl_ptrEPKl
FNDA:857,_ZNK8nlohmann10basic_jsonISt3mapSt6vectorNSt7__cxx1112basic_stringIcSt11char_traitsIcESaIcEEEblmdSaNS_14adl_serializerEE12get_impl_ptrEPKm
FNDA:8341,_ZNK8nlohmann10basic_jsonISt3mapSt6vectorNSt7__cxx1112basic_stringIcSt11char_traitsIcESaIcEEEblmdSaNS_14adl_serializerEE12get_impl_ptrEPKd
FNDA:837,_ZNK8nlohmann10basic_jsonISt3mapSt6vectorNSt7__cxx1112basic_stringIcSt11char_traitsIcESaIcEEEblmdSaNS_14adl_serializerEE3getIddLi0EEET0_v
FNDA:8370,_ZNK8nlohmann10basic_jsonISt3mapSt6vectorNSt7__cxx1112basic_stringIcSt11char_traitsIcESaIcEEEblmdSaNS_14adl_serializerEE3getIeeLi0EEET0_v
FNDA:0,_ZNK8nlohmann10basic_jsonISt3mapSt6vectorNSt7__cxx1112basic_stringIcSt11char_traitsIcESaIcEEEblmdSaNS_14adl_serializerEE7get_ptrIPKbLi0EEEKT_v
FNDA:8341,_ZNK8nlohmann10basic_jsonISt3mapSt6vectorNSt7__cxx1112basic_stringIcSt11char_traitsIcESaIcEEEblmdSaNS_14adl_serializerEE7get_ptrIPKdLi0EEEKT_v
FNDA:9,_ZNK8nlohmann10basic_jsonISt3mapSt6vectorNSt7__cxx1112basic_stringIcSt11char_traitsIcESaIcEEEblmdSaNS_14adl_serializerEE7get_ptrIPKlLi0EEEKT_v
FNDA:857,_ZNK8nlohmann10basic_jsonISt3mapSt6vectorNSt7__cxx1112basic_stringIcSt11char_traitsIcESaIcEEEblmdSaNS_14adl_serializerEE7get_ptrIPKmLi0EEEKT_v
FNDA:837,_ZNK8nlohmann10basic_jsonISt3mapSt6vectorNSt7__cxx1112basic_stringIcSt11char_traitsIcESaIcEEEblmdSaNS_14adl_serializerEEcvT_IdLi0EEEv
FNDA:8370,_ZNK8nlohmann10basic_jsonISt3mapSt6vectorNSt7__cxx1112basic_stringIcSt11char_traitsIcESaIcEEEblmdSaNS_14adl_serializerEEcvT_IeLi0EEEv
FNDA:837,_ZNK8nlohmann10basic_jsonISt3mapSt6vectorNSt7__cxx1112basic_stringIcSt11char_traitsIcESaIcEEEblmdSaNS_14adl_serializerEE5valueIdLi0EEET_RKS8_RKSC_
FNDA:8370,_ZNK8nlohmann10basic_jsonISt3mapSt6vectorNSt7__cxx1112basic_stringIcSt11char_traitsIcESaIcEEEblmdSaNS_14adl_serializerEE5valueIeLi0EEET_RKS8_RKSC_
FNDA:9207,_ZNK8nlohmann10basic_jsonISt3mapSt6vectorNSt7__cxx1112basic_stringIcSt11char_traitsIcESaIcEEEblmdSaNS_14adl_serializerEE4findIRKS8_EENS_6detail9iter_implIKSA_EEOT_
FNDA:5,_ZN8nlohmann10basic_jsonISt3mapSt6vectorNSt7__cxx1112basic_stringIcSt11char_traitsIcESaIcEEEblmdSaNS_14adl_serializerEE5beginEv
FNDA:5,_ZN8nlohmann10basic_jsonISt3mapSt6vectorNSt7__cxx1112basic_stringIcSt11char_traitsIcESaIcEEEblmdSaNS_14adl_serializerEE3endEv
FNDA:9207,_ZNK8nlohmann10basic_jsonISt3mapSt6vectorNSt7__cxx1112basic_stringIcSt11char_traitsIcESaIcEEEblmdSaNS_14adl_serializerEE3endEv
FNDA:18414,_ZNK8nlohmann10basic_jsonISt3mapSt6vectorNSt7__cxx1112basic_stringIcSt11char_traitsIcESaIcEEEblmdSaNS_14adl_serializerEE4cendEv
FNDA:0,_ZNK8nlohmann10basic_jsonISt3mapSt6vectorNSt7__cxx1112basic_stringIcSt11char_traitsIcESaIcEEEblmdSaNS_14adl_serializerEE9type_nameEv
FNF:84
FNH:58
DA:566,0
DA:570,0
DA:572,0
DA:579,0
DA:581,0
DA:583,0
DA:706,0
DA:709,0
DA:711,0
DA:712,0
DA:716,0
DA:717,0
DA:758,0
DA:761,0
DA:763,0
DA:764,0
DA:768,0
DA:977,837
DA:979,837
DA:981,837
DA:983,837
DA:984,837
DA:986,0
DA:988,0
DA:989,0
DA:991,0
DA:993,0
DA:994,0
DA:997,0
DA:998,0
DA:1000,837
DA:1040,837
DA:1042,837
DA:1043,837
DA:1198,8370
DA:1200,8370
DA:1202,20
DA:1204,20
DA:1205,20
DA:1207,9
DA:1209,9
DA:1210,9
DA:1212,8341
DA:1214,8341
DA:1215,8341
DA:1217,0
DA:1219,0
DA:1220,0
DA:1223,0
DA:1224,0
DA:1226,8370
DA:1288,9207
DA:1292,9207
DA:1310,9207
DA:1313,9207
DA:4730,36848
DA:4738,18424
DA:4747,0
DA:4749,0
DA:4750,0
DA:4753,0
DA:4755,0
DA:4756,0
DA:4759,0
DA:4761,0
DA:4770,0
DA:4772,0
DA:4792,0
DA:4794,0
DA:4795,0
DA:4849,18424
DA:4954,18424
DA:4956,18424
DA:4958,18424
DA:4960,18414
DA:4962,18414
DA:4963,18414
DA:4966,10
DA:4968,10
DA:4969,10
DA:4972,0
DA:4974,0
DA:4975,0
DA:4978,18424
DA:5015,5
DA:5017,5
DA:5019,5
DA:5021,0
DA:5023,0
DA:5024,0
DA:5027,5
DA:5029,5
DA:5030,5
DA:5033,0
DA:5036,0
DA:5037,0
DA:5040,0
DA:5042,0
DA:5043,0
DA:5046,5
DA:5052,18419
DA:5054,18419
DA:5056,18419
DA:5058,18414
DA:5060,18414
DA:5061,18414
DA:5064,5
DA:5066,5
DA:5067,5
DA:5070,0
DA:5072,0
DA:5073,0
DA:5076,18419
DA:5083,13392
DA:5085,13392
DA:5087,13392
DA:5089,9207
DA:5091,9207
DA:5092,9207
DA:5095,4185
DA:5097,4185
DA:5098,4185
DA:5101,0
DA:5102,0
DA:5104,0
DA:5106,0
DA:5108,0
DA:5111,0
DA:5165,4185
DA:5167,4185
DA:5169,4185
DA:5171,0
DA:5173,0
DA:5174,0
DA:5177,4185
DA:5179,4185
DA:5180,4185
DA:5183,0
DA:5185,0
DA:5186,0
DA:5190,4185
DA:5240,13397
DA:5243,13397
DA:5245,0
DA:5248,13397
DA:5250,13397
DA:5252,9207
DA:5253,9207
DA:5255,4190
DA:5256,4190
DA:5258,0
DA:5259,0
DA:5267,13397
DA:5269,13397
DA:10899,9207
DA:10902,9207
DA:10903,9207
DA:11671,26789
DA:11673,53578
DA:11676,26789
DA:11678,0
DA:11679,0
DA:11680,53578
DA:11681,26789
DA:11682,26789
DA:11683,53578
DA:11734,0
DA:11736,231
DA:11738,55583
DA:11740,211189
DA:11807,18414
DA:11809,18414
DA:11810,18414
DA:11819,8370
DA:11821,8370
DA:11822,8370
DA:11831,5
DA:11833,5
DA:11834,5
DA:11842,321601
DA:11844,321601
DA:11846,9207
DA:11848,18414
DA:11849,9207
DA:11850,9207
DA:11851,9207
DA:11854,6
DA:11856,12
DA:11857,6
DA:11858,6
DA:11859,6
DA:11862,18414
DA:11864,36828
DA:11865,18414
DA:11866,18414
DA:11867,18414
DA:11870,293974
DA:11872,293974
DA:11875,321601
DA:11887,1015862
DA:11889,1015862
DA:11890,1015862
DA:11891,1015862
DA:11892,1015862
DA:12600,267845
DA:12601,267845
DA:12604,267845
DA:12606,267845
DA:12608,8370
DA:12610,8370
DA:12611,8370
DA:12614,5
DA:12616,5
DA:12617,5
DA:12620,16740
DA:12622,16740
DA:12623,16740
DA:12626,0
DA:12628,0
DA:12629,0
DA:12632,210
DA:12634,210
DA:12635,210
DA:12638,50530
DA:12640,50530
DA:12641,50530
DA:12644,191990
DA:12646,191990
DA:12647,191990
DA:12650,0
DA:12651,0
DA:12654,267845
DA:12655,267845
DA:12753,321601
DA:12755,321601
DA:12756,321601
DA:12757,321601
DA:12957,0
DA:12959,0
DA:13016,9
DA:13018,9
DA:13044,857
DA:13046,857
DA:13072,8341
DA:13074,8341
DA:13094,44361
DA:13096,44361
DA:13191,9207
DA:13193,9207
DA:13257,0
DA:13259,0
DA:13269,9
DA:13271,9
DA:13281,857
DA:13283,857
DA:13293,8341
DA:13295,8341
DA:13418,9207
DA:13430,9207
DA:13431,9207
DA:13580,9207
DA:13598,9207
DA:13689,9207
DA:13692,9207
DA:14212,9207
DA:14215,9207
DA:14218,9207
DA:14219,9207
DA:14221,9207
DA:14224,0
DA:14227,0
DA:14741,9207
DA:14743,9207
DA:14745,9207
DA:14747,9207
DA:14750,9207
DA:14815,5
DA:14817,5
DA:14818,5
DA:14819,5
DA:14886,5
DA:14888,5
DA:14889,5
DA:14890,5
DA:14896,9207
DA:14898,9207
DA:14926,18414
DA:14928,18414
DA:14929,18414
DA:14930,18414
DA:17041,0
DA:17044,0
DA:17046,0
DA:17047,0
DA:17048,0
DA:17049,0
DA:17050,0
DA:17051,0
DA:17052,0
DA:17053,0
DA:17054,0
DA:17055,0
DA:17056,0
DA:17057,0
DA:17058,0
DA:17059,0
LF:306
LH:203
end_of_record
